2024-07-06 00:55:43,464 INFO o.h.v.i.u.Version [background-preinit] HV000001: Hibernate Validator 8.0.1.Final
2024-07-06 00:55:43,795 INFO o.s.b.StartupInfoLogger [restartedMain] Starting BinarfudApplication using Java 22 with PID 18200 (C:\Users\dimas\IdeaProjects\Github\BinarSynergy7\F-BJV24001115-synergy7-dim-binfood-ch8\binarfud\target\classes started by dimas in C:\Users\dimas\IdeaProjects\Github\BinarSynergy7\F-BJV24001115-synergy7-dim-binfood-ch8)
2024-07-06 00:55:43,810 INFO o.s.b.SpringApplication [restartedMain] No active profile set, falling back to 1 default profile: "default"
2024-07-06 00:55:44,018 INFO o.s.b.l.DeferredLog [restartedMain] The Class-Path manifest attribute in C:\Users\dimas\.m2\repository\org\apache\kafka\kafka-clients\3.7.0\kafka-clients-3.7.0.jar referenced one or more files that do not exist: file:/C:/Users/dimas/.m2/repository/org/apache/kafka/kafka-clients/3.7.0/zstd-jni-1.5.5-6.jar,file:/C:/Users/dimas/.m2/repository/org/apache/kafka/kafka-clients/3.7.0/lz4-java-1.8.0.jar,file:/C:/Users/dimas/.m2/repository/org/apache/kafka/kafka-clients/3.7.0/snappy-java-1.1.10.5.jar,file:/C:/Users/dimas/.m2/repository/org/apache/kafka/kafka-clients/3.7.0/slf4j-api-1.7.36.jar
2024-07-06 00:55:44,020 INFO o.s.b.l.DeferredLog [restartedMain] Devtools property defaults active! Set 'spring.devtools.add-properties' to 'false' to disable
2024-07-06 00:55:44,022 INFO o.s.b.l.DeferredLog [restartedMain] For additional web related logging consider setting the 'logging.level.web' property to 'DEBUG'
2024-07-06 00:55:50,712 INFO o.s.d.r.c.RepositoryConfigurationDelegate [restartedMain] Bootstrapping Spring Data JPA repositories in DEFAULT mode.
2024-07-06 00:55:51,071 INFO o.s.d.r.c.RepositoryConfigurationDelegate [restartedMain] Finished Spring Data repository scanning in 334 ms. Found 8 JPA repository interfaces.
2024-07-06 00:55:54,042 INFO o.s.b.w.e.t.TomcatWebServer [restartedMain] Tomcat initialized with port 8081 (http)
2024-07-06 00:55:54,074 INFO o.a.j.l.DirectJDKLog [restartedMain] Initializing ProtocolHandler ["http-nio-8081"]
2024-07-06 00:55:54,080 INFO o.a.j.l.DirectJDKLog [restartedMain] Starting service [Tomcat]
2024-07-06 00:55:54,082 INFO o.a.j.l.DirectJDKLog [restartedMain] Starting Servlet engine: [Apache Tomcat/10.1.24]
2024-07-06 00:55:54,436 INFO o.a.j.l.DirectJDKLog [restartedMain] Initializing Spring embedded WebApplicationContext
2024-07-06 00:55:54,438 INFO o.s.b.w.s.c.ServletWebServerApplicationContext [restartedMain] Root WebApplicationContext: initialization completed in 10411 ms
2024-07-06 00:55:55,001 INFO o.h.j.i.u.LogHelper [restartedMain] HHH000204: Processing PersistenceUnitInfo [name: default]
2024-07-06 00:55:55,245 INFO o.h.Version [restartedMain] HHH000412: Hibernate ORM core version 6.5.2.Final
2024-07-06 00:55:55,384 INFO o.h.c.i.RegionFactoryInitiator [restartedMain] HHH000026: Second-level cache disabled
2024-07-06 00:55:56,592 INFO o.s.o.j.p.SpringPersistenceUnitInfo [restartedMain] No LoadTimeWeaver setup: ignoring JPA class transformer
2024-07-06 00:55:56,695 INFO c.z.h.HikariDataSource [restartedMain] HikariPool-1 - Starting...
2024-07-06 00:55:58,065 INFO c.z.h.p.HikariPool [restartedMain] HikariPool-1 - Added connection org.postgresql.jdbc.PgConnection@3c105589
2024-07-06 00:55:58,070 INFO c.z.h.HikariDataSource [restartedMain] HikariPool-1 - Start completed.
2024-07-06 00:55:58,276 WARN o.h.e.j.d.i.DialectFactoryImpl [restartedMain] HHH90000025: PostgreSQLDialect does not need to be specified explicitly using 'hibernate.dialect' (remove the property setting and it will be selected by default)
2024-07-06 00:56:03,122 INFO o.h.e.t.j.p.i.JtaPlatformInitiator [restartedMain] HHH000489: No JTA platform available (set 'hibernate.transaction.jta.platform' to enable JTA platform integration)
2024-07-06 00:56:03,545 WARN o.h.t.s.i.ExceptionHandlerLoggedImpl [restartedMain] GenerationTarget encountered exception accepting command : Error executing DDL "alter table if exists products add column stock integer not null" via JDBC [ERROR: column "stock" of relation "products" contains null values]
org.hibernate.tool.schema.spi.CommandAcceptanceException: Error executing DDL "alter table if exists products add column stock integer not null" via JDBC [ERROR: column "stock" of relation "products" contains null values]
	at org.hibernate.tool.schema.internal.exec.GenerationTargetToDatabase.accept(GenerationTargetToDatabase.java:94)
	at org.hibernate.tool.schema.internal.AbstractSchemaMigrator.applySqlString(AbstractSchemaMigrator.java:575)
	at org.hibernate.tool.schema.internal.AbstractSchemaMigrator.applySqlStrings(AbstractSchemaMigrator.java:515)
	at org.hibernate.tool.schema.internal.AbstractSchemaMigrator.migrateTable(AbstractSchemaMigrator.java:333)
	at org.hibernate.tool.schema.internal.GroupedSchemaMigratorImpl.performTablesMigration(GroupedSchemaMigratorImpl.java:84)
	at org.hibernate.tool.schema.internal.AbstractSchemaMigrator.performMigration(AbstractSchemaMigrator.java:232)
	at org.hibernate.tool.schema.internal.AbstractSchemaMigrator.doMigration(AbstractSchemaMigrator.java:117)
	at org.hibernate.tool.schema.spi.SchemaManagementToolCoordinator.performDatabaseAction(SchemaManagementToolCoordinator.java:280)
	at org.hibernate.tool.schema.spi.SchemaManagementToolCoordinator.lambda$process$5(SchemaManagementToolCoordinator.java:144)
	at java.base/java.util.HashMap.forEach(HashMap.java:1429)
	at org.hibernate.tool.schema.spi.SchemaManagementToolCoordinator.process(SchemaManagementToolCoordinator.java:141)
	at org.hibernate.boot.internal.SessionFactoryObserverForSchemaExport.sessionFactoryCreated(SessionFactoryObserverForSchemaExport.java:37)
	at org.hibernate.internal.SessionFactoryObserverChain.sessionFactoryCreated(SessionFactoryObserverChain.java:35)
	at org.hibernate.internal.SessionFactoryImpl.<init>(SessionFactoryImpl.java:322)
	at org.hibernate.boot.internal.SessionFactoryBuilderImpl.build(SessionFactoryBuilderImpl.java:457)
	at org.hibernate.jpa.boot.internal.EntityManagerFactoryBuilderImpl.build(EntityManagerFactoryBuilderImpl.java:1506)
	at org.springframework.orm.jpa.vendor.SpringHibernateJpaPersistenceProvider.createContainerEntityManagerFactory(SpringHibernateJpaPersistenceProvider.java:75)
	at org.springframework.orm.jpa.LocalContainerEntityManagerFactoryBean.createNativeEntityManagerFactory(LocalContainerEntityManagerFactoryBean.java:390)
	at org.springframework.orm.jpa.AbstractEntityManagerFactoryBean.buildNativeEntityManagerFactory(AbstractEntityManagerFactoryBean.java:409)
	at org.springframework.orm.jpa.AbstractEntityManagerFactoryBean.afterPropertiesSet(AbstractEntityManagerFactoryBean.java:396)
	at org.springframework.orm.jpa.LocalContainerEntityManagerFactoryBean.afterPropertiesSet(LocalContainerEntityManagerFactoryBean.java:366)
	at org.springframework.beans.factory.support.AbstractAutowireCapableBeanFactory.invokeInitMethods(AbstractAutowireCapableBeanFactory.java:1835)
	at org.springframework.beans.factory.support.AbstractAutowireCapableBeanFactory.initializeBean(AbstractAutowireCapableBeanFactory.java:1784)
	at org.springframework.beans.factory.support.AbstractAutowireCapableBeanFactory.doCreateBean(AbstractAutowireCapableBeanFactory.java:600)
	at org.springframework.beans.factory.support.AbstractAutowireCapableBeanFactory.createBean(AbstractAutowireCapableBeanFactory.java:522)
	at org.springframework.beans.factory.support.AbstractBeanFactory.lambda$doGetBean$0(AbstractBeanFactory.java:337)
	at org.springframework.beans.factory.support.DefaultSingletonBeanRegistry.getSingleton(DefaultSingletonBeanRegistry.java:234)
	at org.springframework.beans.factory.support.AbstractBeanFactory.doGetBean(AbstractBeanFactory.java:335)
	at org.springframework.beans.factory.support.AbstractBeanFactory.getBean(AbstractBeanFactory.java:200)
	at org.springframework.beans.factory.support.BeanDefinitionValueResolver.resolveReference(BeanDefinitionValueResolver.java:365)
	at org.springframework.beans.factory.support.BeanDefinitionValueResolver.resolveValueIfNecessary(BeanDefinitionValueResolver.java:135)
	at org.springframework.beans.factory.support.ConstructorResolver.resolveConstructorArguments(ConstructorResolver.java:682)
	at org.springframework.beans.factory.support.ConstructorResolver.instantiateUsingFactoryMethod(ConstructorResolver.java:509)
	at org.springframework.beans.factory.support.AbstractAutowireCapableBeanFactory.instantiateUsingFactoryMethod(AbstractAutowireCapableBeanFactory.java:1337)
	at org.springframework.beans.factory.support.AbstractAutowireCapableBeanFactory.createBeanInstance(AbstractAutowireCapableBeanFactory.java:1167)
	at org.springframework.beans.factory.support.AbstractAutowireCapableBeanFactory.doCreateBean(AbstractAutowireCapableBeanFactory.java:562)
	at org.springframework.beans.factory.support.AbstractAutowireCapableBeanFactory.createBean(AbstractAutowireCapableBeanFactory.java:522)
	at org.springframework.beans.factory.support.AbstractBeanFactory.lambda$doGetBean$0(AbstractBeanFactory.java:337)
	at org.springframework.beans.factory.support.DefaultSingletonBeanRegistry.getSingleton(DefaultSingletonBeanRegistry.java:234)
	at org.springframework.beans.factory.support.AbstractBeanFactory.doGetBean(AbstractBeanFactory.java:335)
	at org.springframework.beans.factory.support.AbstractBeanFactory.getBean(AbstractBeanFactory.java:200)
	at org.springframework.beans.factory.support.BeanDefinitionValueResolver.resolveReference(BeanDefinitionValueResolver.java:365)
	at org.springframework.beans.factory.support.BeanDefinitionValueResolver.resolveValueIfNecessary(BeanDefinitionValueResolver.java:135)
	at org.springframework.beans.factory.support.AbstractAutowireCapableBeanFactory.applyPropertyValues(AbstractAutowireCapableBeanFactory.java:1687)
	at org.springframework.beans.factory.support.AbstractAutowireCapableBeanFactory.populateBean(AbstractAutowireCapableBeanFactory.java:1436)
	at org.springframework.beans.factory.support.AbstractAutowireCapableBeanFactory.doCreateBean(AbstractAutowireCapableBeanFactory.java:599)
	at org.springframework.beans.factory.support.AbstractAutowireCapableBeanFactory.createBean(AbstractAutowireCapableBeanFactory.java:522)
	at org.springframework.beans.factory.support.AbstractBeanFactory.lambda$doGetBean$0(AbstractBeanFactory.java:337)
	at org.springframework.beans.factory.support.DefaultSingletonBeanRegistry.getSingleton(DefaultSingletonBeanRegistry.java:234)
	at org.springframework.beans.factory.support.AbstractBeanFactory.doGetBean(AbstractBeanFactory.java:335)
	at org.springframework.beans.factory.support.AbstractBeanFactory.getBean(AbstractBeanFactory.java:200)
	at org.springframework.beans.factory.config.DependencyDescriptor.resolveCandidate(DependencyDescriptor.java:254)
	at org.springframework.beans.factory.support.DefaultListableBeanFactory.doResolveDependency(DefaultListableBeanFactory.java:1443)
	at org.springframework.beans.factory.support.DefaultListableBeanFactory.resolveDependency(DefaultListableBeanFactory.java:1353)
	at org.springframework.beans.factory.support.ConstructorResolver.resolveAutowiredArgument(ConstructorResolver.java:904)
	at org.springframework.beans.factory.support.ConstructorResolver.createArgumentArray(ConstructorResolver.java:782)
	at org.springframework.beans.factory.support.ConstructorResolver.autowireConstructor(ConstructorResolver.java:237)
	at org.springframework.beans.factory.support.AbstractAutowireCapableBeanFactory.autowireConstructor(AbstractAutowireCapableBeanFactory.java:1357)
	at org.springframework.beans.factory.support.AbstractAutowireCapableBeanFactory.createBeanInstance(AbstractAutowireCapableBeanFactory.java:1194)
	at org.springframework.beans.factory.support.AbstractAutowireCapableBeanFactory.doCreateBean(AbstractAutowireCapableBeanFactory.java:562)
	at org.springframework.beans.factory.support.AbstractAutowireCapableBeanFactory.createBean(AbstractAutowireCapableBeanFactory.java:522)
	at org.springframework.beans.factory.support.AbstractBeanFactory.lambda$doGetBean$0(AbstractBeanFactory.java:337)
	at org.springframework.beans.factory.support.DefaultSingletonBeanRegistry.getSingleton(DefaultSingletonBeanRegistry.java:234)
	at org.springframework.beans.factory.support.AbstractBeanFactory.doGetBean(AbstractBeanFactory.java:335)
	at org.springframework.beans.factory.support.AbstractBeanFactory.getBean(AbstractBeanFactory.java:200)
	at org.springframework.beans.factory.config.DependencyDescriptor.resolveCandidate(DependencyDescriptor.java:254)
	at org.springframework.beans.factory.support.DefaultListableBeanFactory.doResolveDependency(DefaultListableBeanFactory.java:1443)
	at org.springframework.beans.factory.support.DefaultListableBeanFactory.resolveDependency(DefaultListableBeanFactory.java:1353)
	at org.springframework.beans.factory.support.ConstructorResolver.resolveAutowiredArgument(ConstructorResolver.java:904)
	at org.springframework.beans.factory.support.ConstructorResolver.createArgumentArray(ConstructorResolver.java:782)
	at org.springframework.beans.factory.support.ConstructorResolver.autowireConstructor(ConstructorResolver.java:237)
	at org.springframework.beans.factory.support.AbstractAutowireCapableBeanFactory.autowireConstructor(AbstractAutowireCapableBeanFactory.java:1357)
	at org.springframework.beans.factory.support.AbstractAutowireCapableBeanFactory.createBeanInstance(AbstractAutowireCapableBeanFactory.java:1194)
	at org.springframework.beans.factory.support.AbstractAutowireCapableBeanFactory.doCreateBean(AbstractAutowireCapableBeanFactory.java:562)
	at org.springframework.beans.factory.support.AbstractAutowireCapableBeanFactory.createBean(AbstractAutowireCapableBeanFactory.java:522)
	at org.springframework.beans.factory.support.AbstractBeanFactory.lambda$doGetBean$0(AbstractBeanFactory.java:337)
	at org.springframework.beans.factory.support.DefaultSingletonBeanRegistry.getSingleton(DefaultSingletonBeanRegistry.java:234)
	at org.springframework.beans.factory.support.AbstractBeanFactory.doGetBean(AbstractBeanFactory.java:335)
	at org.springframework.beans.factory.support.AbstractBeanFactory.getBean(AbstractBeanFactory.java:205)
	at org.springframework.boot.web.servlet.ServletContextInitializerBeans.getOrderedBeansOfType(ServletContextInitializerBeans.java:211)
	at org.springframework.boot.web.servlet.ServletContextInitializerBeans.addAsRegistrationBean(ServletContextInitializerBeans.java:174)
	at org.springframework.boot.web.servlet.ServletContextInitializerBeans.addAsRegistrationBean(ServletContextInitializerBeans.java:169)
	at org.springframework.boot.web.servlet.ServletContextInitializerBeans.addAdaptableBeans(ServletContextInitializerBeans.java:154)
	at org.springframework.boot.web.servlet.ServletContextInitializerBeans.<init>(ServletContextInitializerBeans.java:87)
	at org.springframework.boot.web.servlet.context.ServletWebServerApplicationContext.getServletContextInitializerBeans(ServletWebServerApplicationContext.java:266)
	at org.springframework.boot.web.servlet.context.ServletWebServerApplicationContext.selfInitialize(ServletWebServerApplicationContext.java:240)
	at org.springframework.boot.web.embedded.tomcat.TomcatStarter.onStartup(TomcatStarter.java:52)
	at org.apache.catalina.core.StandardContext.startInternal(StandardContext.java:4414)
	at org.apache.catalina.util.LifecycleBase.start(LifecycleBase.java:171)
	at org.apache.catalina.core.ContainerBase$StartChild.call(ContainerBase.java:1203)
	at org.apache.catalina.core.ContainerBase$StartChild.call(ContainerBase.java:1193)
	at java.base/java.util.concurrent.FutureTask.run(FutureTask.java:317)
	at org.apache.tomcat.util.threads.InlineExecutorService.execute(InlineExecutorService.java:75)
	at java.base/java.util.concurrent.AbstractExecutorService.submit(AbstractExecutorService.java:145)
	at org.apache.catalina.core.ContainerBase.startInternal(ContainerBase.java:749)
	at org.apache.catalina.core.StandardHost.startInternal(StandardHost.java:772)
	at org.apache.catalina.util.LifecycleBase.start(LifecycleBase.java:171)
	at org.apache.catalina.core.ContainerBase$StartChild.call(ContainerBase.java:1203)
	at org.apache.catalina.core.ContainerBase$StartChild.call(ContainerBase.java:1193)
	at java.base/java.util.concurrent.FutureTask.run(FutureTask.java:317)
	at org.apache.tomcat.util.threads.InlineExecutorService.execute(InlineExecutorService.java:75)
	at java.base/java.util.concurrent.AbstractExecutorService.submit(AbstractExecutorService.java:145)
	at org.apache.catalina.core.ContainerBase.startInternal(ContainerBase.java:749)
	at org.apache.catalina.core.StandardEngine.startInternal(StandardEngine.java:203)
	at org.apache.catalina.util.LifecycleBase.start(LifecycleBase.java:171)
	at org.apache.catalina.core.StandardService.startInternal(StandardService.java:415)
	at org.apache.catalina.util.LifecycleBase.start(LifecycleBase.java:171)
	at org.apache.catalina.core.StandardServer.startInternal(StandardServer.java:874)
	at org.apache.catalina.util.LifecycleBase.start(LifecycleBase.java:171)
	at org.apache.catalina.startup.Tomcat.start(Tomcat.java:437)
	at org.springframework.boot.web.embedded.tomcat.TomcatWebServer.initialize(TomcatWebServer.java:128)
	at org.springframework.boot.web.embedded.tomcat.TomcatWebServer.<init>(TomcatWebServer.java:107)
	at org.springframework.boot.web.embedded.tomcat.TomcatServletWebServerFactory.getTomcatWebServer(TomcatServletWebServerFactory.java:516)
	at org.springframework.boot.web.embedded.tomcat.TomcatServletWebServerFactory.getWebServer(TomcatServletWebServerFactory.java:222)
	at org.springframework.boot.web.servlet.context.ServletWebServerApplicationContext.createWebServer(ServletWebServerApplicationContext.java:188)
	at org.springframework.boot.web.servlet.context.ServletWebServerApplicationContext.onRefresh(ServletWebServerApplicationContext.java:162)
	at org.springframework.context.support.AbstractApplicationContext.refresh(AbstractApplicationContext.java:618)
	at org.springframework.boot.web.servlet.context.ServletWebServerApplicationContext.refresh(ServletWebServerApplicationContext.java:146)
	at org.springframework.boot.SpringApplication.refresh(SpringApplication.java:754)
	at org.springframework.boot.SpringApplication.refreshContext(SpringApplication.java:456)
	at org.springframework.boot.SpringApplication.run(SpringApplication.java:335)
	at org.springframework.boot.SpringApplication.run(SpringApplication.java:1363)
	at org.springframework.boot.SpringApplication.run(SpringApplication.java:1352)
	at com.ch.binarfud.BinarfudApplication.main(BinarfudApplication.java:12)
	at java.base/jdk.internal.reflect.DirectMethodHandleAccessor.invoke(DirectMethodHandleAccessor.java:103)
	at java.base/java.lang.reflect.Method.invoke(Method.java:580)
	at org.springframework.boot.devtools.restart.RestartLauncher.run(RestartLauncher.java:50)
Caused by: org.postgresql.util.PSQLException: ERROR: column "stock" of relation "products" contains null values
	at org.postgresql.core.v3.QueryExecutorImpl.receiveErrorResponse(QueryExecutorImpl.java:2725)
	at org.postgresql.core.v3.QueryExecutorImpl.processResults(QueryExecutorImpl.java:2412)
	at org.postgresql.core.v3.QueryExecutorImpl.execute(QueryExecutorImpl.java:371)
	at org.postgresql.jdbc.PgStatement.executeInternal(PgStatement.java:502)
	at org.postgresql.jdbc.PgStatement.execute(PgStatement.java:419)
	at org.postgresql.jdbc.PgStatement.executeWithFlags(PgStatement.java:341)
	at org.postgresql.jdbc.PgStatement.executeCachedSql(PgStatement.java:326)
	at org.postgresql.jdbc.PgStatement.executeWithFlags(PgStatement.java:302)
	at org.postgresql.jdbc.PgStatement.execute(PgStatement.java:297)
	at com.zaxxer.hikari.pool.ProxyStatement.execute(ProxyStatement.java:94)
	at com.zaxxer.hikari.pool.HikariProxyStatement.execute(HikariProxyStatement.java)
	at org.hibernate.tool.schema.internal.exec.GenerationTargetToDatabase.accept(GenerationTargetToDatabase.java:80)
	... 126 common frames omitted
2024-07-06 00:56:04,617 INFO o.s.o.j.AbstractEntityManagerFactoryBean [restartedMain] Initialized JPA EntityManagerFactory for persistence unit 'default'
2024-07-06 00:56:06,542 INFO o.s.d.j.r.q.QueryEnhancerFactory [restartedMain] Hibernate is in classpath; If applicable, HQL parser will be used.
2024-07-06 00:56:07,310 WARN o.s.b.a.o.j.JpaBaseConfiguration$JpaWebConfiguration [restartedMain] spring.jpa.open-in-view is enabled by default. Therefore, database queries may be performed during view rendering. Explicitly configure spring.jpa.open-in-view to disable this warning
2024-07-06 00:56:09,359 INFO o.s.s.c.a.a.c.InitializeAuthenticationProviderBeanManagerConfigurer$InitializeAuthenticationProviderManagerConfigurer [restartedMain] Global AuthenticationManager configured with AuthenticationProvider bean with name authenticationProvider
2024-07-06 00:56:09,372 WARN o.s.s.c.a.a.c.InitializeUserDetailsBeanManagerConfigurer$InitializeUserDetailsManagerConfigurer [restartedMain] Global AuthenticationManager configured with an AuthenticationProvider bean. UserDetailsService beans will not be used for username/password login. Consider removing the AuthenticationProvider bean. Alternatively, consider using the UserDetailsService in a manually instantiated DaoAuthenticationProvider.
2024-07-06 00:56:10,974 WARN o.s.c.s.AbstractApplicationContext [restartedMain] Exception encountered during context initialization - cancelling refresh attempt: org.springframework.beans.factory.BeanCreationException: Error creating bean with name 'firebaseApp' defined in class path resource [com/ch/binarfud/config/FirebaseConfig.class]: Failed to instantiate [com.google.firebase.FirebaseApp]: Factory method 'firebaseApp' threw exception with message: Error reading firebase credentials file
2024-07-06 00:56:10,980 INFO o.s.o.j.AbstractEntityManagerFactoryBean [restartedMain] Closing JPA EntityManagerFactory for persistence unit 'default'
2024-07-06 00:56:10,992 INFO c.z.h.HikariDataSource [restartedMain] HikariPool-1 - Shutdown initiated...
2024-07-06 00:56:11,006 INFO c.z.h.HikariDataSource [restartedMain] HikariPool-1 - Shutdown completed.
2024-07-06 00:56:11,014 INFO o.a.j.l.DirectJDKLog [restartedMain] Stopping service [Tomcat]
2024-07-06 00:56:11,177 INFO o.s.b.a.l.ConditionEvaluationReportLogger [restartedMain] 

Error starting ApplicationContext. To display the condition evaluation report re-run your application with 'debug' enabled.
2024-07-06 00:56:11,457 ERROR o.s.b.SpringApplication [restartedMain] Application run failed
org.springframework.beans.factory.BeanCreationException: Error creating bean with name 'firebaseApp' defined in class path resource [com/ch/binarfud/config/FirebaseConfig.class]: Failed to instantiate [com.google.firebase.FirebaseApp]: Factory method 'firebaseApp' threw exception with message: Error reading firebase credentials file
	at org.springframework.beans.factory.support.ConstructorResolver.instantiate(ConstructorResolver.java:648)
	at org.springframework.beans.factory.support.ConstructorResolver.instantiateUsingFactoryMethod(ConstructorResolver.java:485)
	at org.springframework.beans.factory.support.AbstractAutowireCapableBeanFactory.instantiateUsingFactoryMethod(AbstractAutowireCapableBeanFactory.java:1337)
	at org.springframework.beans.factory.support.AbstractAutowireCapableBeanFactory.createBeanInstance(AbstractAutowireCapableBeanFactory.java:1167)
	at org.springframework.beans.factory.support.AbstractAutowireCapableBeanFactory.doCreateBean(AbstractAutowireCapableBeanFactory.java:562)
	at org.springframework.beans.factory.support.AbstractAutowireCapableBeanFactory.createBean(AbstractAutowireCapableBeanFactory.java:522)
	at org.springframework.beans.factory.support.AbstractBeanFactory.lambda$doGetBean$0(AbstractBeanFactory.java:337)
	at org.springframework.beans.factory.support.DefaultSingletonBeanRegistry.getSingleton(DefaultSingletonBeanRegistry.java:234)
	at org.springframework.beans.factory.support.AbstractBeanFactory.doGetBean(AbstractBeanFactory.java:335)
	at org.springframework.beans.factory.support.AbstractBeanFactory.getBean(AbstractBeanFactory.java:200)
	at org.springframework.beans.factory.support.DefaultListableBeanFactory.preInstantiateSingletons(DefaultListableBeanFactory.java:975)
	at org.springframework.context.support.AbstractApplicationContext.finishBeanFactoryInitialization(AbstractApplicationContext.java:962)
	at org.springframework.context.support.AbstractApplicationContext.refresh(AbstractApplicationContext.java:624)
	at org.springframework.boot.web.servlet.context.ServletWebServerApplicationContext.refresh(ServletWebServerApplicationContext.java:146)
	at org.springframework.boot.SpringApplication.refresh(SpringApplication.java:754)
	at org.springframework.boot.SpringApplication.refreshContext(SpringApplication.java:456)
	at org.springframework.boot.SpringApplication.run(SpringApplication.java:335)
	at org.springframework.boot.SpringApplication.run(SpringApplication.java:1363)
	at org.springframework.boot.SpringApplication.run(SpringApplication.java:1352)
	at com.ch.binarfud.BinarfudApplication.main(BinarfudApplication.java:12)
	at java.base/jdk.internal.reflect.DirectMethodHandleAccessor.invoke(DirectMethodHandleAccessor.java:103)
	at java.base/java.lang.reflect.Method.invoke(Method.java:580)
	at org.springframework.boot.devtools.restart.RestartLauncher.run(RestartLauncher.java:50)
Caused by: org.springframework.beans.BeanInstantiationException: Failed to instantiate [com.google.firebase.FirebaseApp]: Factory method 'firebaseApp' threw exception with message: Error reading firebase credentials file
	at org.springframework.beans.factory.support.SimpleInstantiationStrategy.instantiate(SimpleInstantiationStrategy.java:177)
	at org.springframework.beans.factory.support.ConstructorResolver.instantiate(ConstructorResolver.java:644)
	... 22 common frames omitted
Caused by: java.lang.RuntimeException: Error reading firebase credentials file
	at com.ch.binarfud.config.FirebaseConfig.firebaseApp(FirebaseConfig.java:28)
	at com.ch.binarfud.config.FirebaseConfig$$SpringCGLIB$$0.CGLIB$firebaseApp$0(<generated>)
	at com.ch.binarfud.config.FirebaseConfig$$SpringCGLIB$$FastClass$$1.invoke(<generated>)
	at org.springframework.cglib.proxy.MethodProxy.invokeSuper(MethodProxy.java:258)
	at org.springframework.context.annotation.ConfigurationClassEnhancer$BeanMethodInterceptor.intercept(ConfigurationClassEnhancer.java:339)
	at com.ch.binarfud.config.FirebaseConfig$$SpringCGLIB$$0.firebaseApp(<generated>)
	at java.base/jdk.internal.reflect.DirectMethodHandleAccessor.invoke(DirectMethodHandleAccessor.java:103)
	at java.base/java.lang.reflect.Method.invoke(Method.java:580)
	at org.springframework.beans.factory.support.SimpleInstantiationStrategy.instantiate(SimpleInstantiationStrategy.java:140)
	... 23 common frames omitted
Caused by: java.io.FileNotFoundException: binarfood-425216-firebase-adminsdk-tufyh-555a4ab7f6.json (The system cannot find the file specified)
	at java.base/java.io.FileInputStream.open0(Native Method)
	at java.base/java.io.FileInputStream.open(FileInputStream.java:213)
	at java.base/java.io.FileInputStream.<init>(FileInputStream.java:152)
	at java.base/java.io.FileInputStream.<init>(FileInputStream.java:106)
	at com.ch.binarfud.config.FirebaseConfig.firebaseApp(FirebaseConfig.java:21)
	... 31 common frames omitted
2024-07-06 00:59:04,674 INFO o.h.v.i.u.Version [background-preinit] HV000001: Hibernate Validator 8.0.1.Final
2024-07-06 00:59:04,977 INFO o.s.b.StartupInfoLogger [restartedMain] Starting BinarfudApplication using Java 22 with PID 14828 (C:\Users\dimas\IdeaProjects\Github\BinarSynergy7\F-BJV24001115-synergy7-dim-binfood-ch8\binarfud\target\classes started by dimas in C:\Users\dimas\IdeaProjects\Github\BinarSynergy7\F-BJV24001115-synergy7-dim-binfood-ch8)
2024-07-06 00:59:04,981 INFO o.s.b.SpringApplication [restartedMain] No active profile set, falling back to 1 default profile: "default"
2024-07-06 00:59:05,134 INFO o.s.b.l.DeferredLog [restartedMain] The Class-Path manifest attribute in C:\Users\dimas\.m2\repository\org\apache\kafka\kafka-clients\3.7.0\kafka-clients-3.7.0.jar referenced one or more files that do not exist: file:/C:/Users/dimas/.m2/repository/org/apache/kafka/kafka-clients/3.7.0/zstd-jni-1.5.5-6.jar,file:/C:/Users/dimas/.m2/repository/org/apache/kafka/kafka-clients/3.7.0/lz4-java-1.8.0.jar,file:/C:/Users/dimas/.m2/repository/org/apache/kafka/kafka-clients/3.7.0/snappy-java-1.1.10.5.jar,file:/C:/Users/dimas/.m2/repository/org/apache/kafka/kafka-clients/3.7.0/slf4j-api-1.7.36.jar
2024-07-06 00:59:05,135 INFO o.s.b.l.DeferredLog [restartedMain] Devtools property defaults active! Set 'spring.devtools.add-properties' to 'false' to disable
2024-07-06 00:59:05,136 INFO o.s.b.l.DeferredLog [restartedMain] For additional web related logging consider setting the 'logging.level.web' property to 'DEBUG'
2024-07-06 00:59:10,776 INFO o.s.d.r.c.RepositoryConfigurationDelegate [restartedMain] Bootstrapping Spring Data JPA repositories in DEFAULT mode.
2024-07-06 00:59:11,826 INFO o.s.d.r.c.RepositoryConfigurationDelegate [restartedMain] Finished Spring Data repository scanning in 1018 ms. Found 8 JPA repository interfaces.
2024-07-06 00:59:14,563 INFO o.s.b.w.e.t.TomcatWebServer [restartedMain] Tomcat initialized with port 8081 (http)
2024-07-06 00:59:14,593 INFO o.a.j.l.DirectJDKLog [restartedMain] Initializing ProtocolHandler ["http-nio-8081"]
2024-07-06 00:59:14,600 INFO o.a.j.l.DirectJDKLog [restartedMain] Starting service [Tomcat]
2024-07-06 00:59:14,601 INFO o.a.j.l.DirectJDKLog [restartedMain] Starting Servlet engine: [Apache Tomcat/10.1.24]
2024-07-06 00:59:14,883 INFO o.a.j.l.DirectJDKLog [restartedMain] Initializing Spring embedded WebApplicationContext
2024-07-06 00:59:14,887 INFO o.s.b.w.s.c.ServletWebServerApplicationContext [restartedMain] Root WebApplicationContext: initialization completed in 9745 ms
2024-07-06 00:59:15,385 INFO o.h.j.i.u.LogHelper [restartedMain] HHH000204: Processing PersistenceUnitInfo [name: default]
2024-07-06 00:59:15,614 INFO o.h.Version [restartedMain] HHH000412: Hibernate ORM core version 6.5.2.Final
2024-07-06 00:59:15,738 INFO o.h.c.i.RegionFactoryInitiator [restartedMain] HHH000026: Second-level cache disabled
2024-07-06 00:59:16,723 INFO o.s.o.j.p.SpringPersistenceUnitInfo [restartedMain] No LoadTimeWeaver setup: ignoring JPA class transformer
2024-07-06 00:59:16,813 INFO c.z.h.HikariDataSource [restartedMain] HikariPool-1 - Starting...
2024-07-06 00:59:17,398 INFO c.z.h.p.HikariPool [restartedMain] HikariPool-1 - Added connection org.postgresql.jdbc.PgConnection@6088bc53
2024-07-06 00:59:17,413 INFO c.z.h.HikariDataSource [restartedMain] HikariPool-1 - Start completed.
2024-07-06 00:59:17,602 WARN o.h.e.j.d.i.DialectFactoryImpl [restartedMain] HHH90000025: PostgreSQLDialect does not need to be specified explicitly using 'hibernate.dialect' (remove the property setting and it will be selected by default)
2024-07-06 00:59:21,499 INFO o.h.e.t.j.p.i.JtaPlatformInitiator [restartedMain] HHH000489: No JTA platform available (set 'hibernate.transaction.jta.platform' to enable JTA platform integration)
2024-07-06 00:59:22,007 WARN o.h.t.s.i.ExceptionHandlerLoggedImpl [restartedMain] GenerationTarget encountered exception accepting command : Error executing DDL "alter table if exists products add column stock integer not null" via JDBC [ERROR: column "stock" of relation "products" contains null values]
org.hibernate.tool.schema.spi.CommandAcceptanceException: Error executing DDL "alter table if exists products add column stock integer not null" via JDBC [ERROR: column "stock" of relation "products" contains null values]
	at org.hibernate.tool.schema.internal.exec.GenerationTargetToDatabase.accept(GenerationTargetToDatabase.java:94)
	at org.hibernate.tool.schema.internal.AbstractSchemaMigrator.applySqlString(AbstractSchemaMigrator.java:575)
	at org.hibernate.tool.schema.internal.AbstractSchemaMigrator.applySqlStrings(AbstractSchemaMigrator.java:515)
	at org.hibernate.tool.schema.internal.AbstractSchemaMigrator.migrateTable(AbstractSchemaMigrator.java:333)
	at org.hibernate.tool.schema.internal.GroupedSchemaMigratorImpl.performTablesMigration(GroupedSchemaMigratorImpl.java:84)
	at org.hibernate.tool.schema.internal.AbstractSchemaMigrator.performMigration(AbstractSchemaMigrator.java:232)
	at org.hibernate.tool.schema.internal.AbstractSchemaMigrator.doMigration(AbstractSchemaMigrator.java:117)
	at org.hibernate.tool.schema.spi.SchemaManagementToolCoordinator.performDatabaseAction(SchemaManagementToolCoordinator.java:280)
	at org.hibernate.tool.schema.spi.SchemaManagementToolCoordinator.lambda$process$5(SchemaManagementToolCoordinator.java:144)
	at java.base/java.util.HashMap.forEach(HashMap.java:1429)
	at org.hibernate.tool.schema.spi.SchemaManagementToolCoordinator.process(SchemaManagementToolCoordinator.java:141)
	at org.hibernate.boot.internal.SessionFactoryObserverForSchemaExport.sessionFactoryCreated(SessionFactoryObserverForSchemaExport.java:37)
	at org.hibernate.internal.SessionFactoryObserverChain.sessionFactoryCreated(SessionFactoryObserverChain.java:35)
	at org.hibernate.internal.SessionFactoryImpl.<init>(SessionFactoryImpl.java:322)
	at org.hibernate.boot.internal.SessionFactoryBuilderImpl.build(SessionFactoryBuilderImpl.java:457)
	at org.hibernate.jpa.boot.internal.EntityManagerFactoryBuilderImpl.build(EntityManagerFactoryBuilderImpl.java:1506)
	at org.springframework.orm.jpa.vendor.SpringHibernateJpaPersistenceProvider.createContainerEntityManagerFactory(SpringHibernateJpaPersistenceProvider.java:75)
	at org.springframework.orm.jpa.LocalContainerEntityManagerFactoryBean.createNativeEntityManagerFactory(LocalContainerEntityManagerFactoryBean.java:390)
	at org.springframework.orm.jpa.AbstractEntityManagerFactoryBean.buildNativeEntityManagerFactory(AbstractEntityManagerFactoryBean.java:409)
	at org.springframework.orm.jpa.AbstractEntityManagerFactoryBean.afterPropertiesSet(AbstractEntityManagerFactoryBean.java:396)
	at org.springframework.orm.jpa.LocalContainerEntityManagerFactoryBean.afterPropertiesSet(LocalContainerEntityManagerFactoryBean.java:366)
	at org.springframework.beans.factory.support.AbstractAutowireCapableBeanFactory.invokeInitMethods(AbstractAutowireCapableBeanFactory.java:1835)
	at org.springframework.beans.factory.support.AbstractAutowireCapableBeanFactory.initializeBean(AbstractAutowireCapableBeanFactory.java:1784)
	at org.springframework.beans.factory.support.AbstractAutowireCapableBeanFactory.doCreateBean(AbstractAutowireCapableBeanFactory.java:600)
	at org.springframework.beans.factory.support.AbstractAutowireCapableBeanFactory.createBean(AbstractAutowireCapableBeanFactory.java:522)
	at org.springframework.beans.factory.support.AbstractBeanFactory.lambda$doGetBean$0(AbstractBeanFactory.java:337)
	at org.springframework.beans.factory.support.DefaultSingletonBeanRegistry.getSingleton(DefaultSingletonBeanRegistry.java:234)
	at org.springframework.beans.factory.support.AbstractBeanFactory.doGetBean(AbstractBeanFactory.java:335)
	at org.springframework.beans.factory.support.AbstractBeanFactory.getBean(AbstractBeanFactory.java:200)
	at org.springframework.beans.factory.support.BeanDefinitionValueResolver.resolveReference(BeanDefinitionValueResolver.java:365)
	at org.springframework.beans.factory.support.BeanDefinitionValueResolver.resolveValueIfNecessary(BeanDefinitionValueResolver.java:135)
	at org.springframework.beans.factory.support.ConstructorResolver.resolveConstructorArguments(ConstructorResolver.java:682)
	at org.springframework.beans.factory.support.ConstructorResolver.instantiateUsingFactoryMethod(ConstructorResolver.java:509)
	at org.springframework.beans.factory.support.AbstractAutowireCapableBeanFactory.instantiateUsingFactoryMethod(AbstractAutowireCapableBeanFactory.java:1337)
	at org.springframework.beans.factory.support.AbstractAutowireCapableBeanFactory.createBeanInstance(AbstractAutowireCapableBeanFactory.java:1167)
	at org.springframework.beans.factory.support.AbstractAutowireCapableBeanFactory.doCreateBean(AbstractAutowireCapableBeanFactory.java:562)
	at org.springframework.beans.factory.support.AbstractAutowireCapableBeanFactory.createBean(AbstractAutowireCapableBeanFactory.java:522)
	at org.springframework.beans.factory.support.AbstractBeanFactory.lambda$doGetBean$0(AbstractBeanFactory.java:337)
	at org.springframework.beans.factory.support.DefaultSingletonBeanRegistry.getSingleton(DefaultSingletonBeanRegistry.java:234)
	at org.springframework.beans.factory.support.AbstractBeanFactory.doGetBean(AbstractBeanFactory.java:335)
	at org.springframework.beans.factory.support.AbstractBeanFactory.getBean(AbstractBeanFactory.java:200)
	at org.springframework.beans.factory.support.BeanDefinitionValueResolver.resolveReference(BeanDefinitionValueResolver.java:365)
	at org.springframework.beans.factory.support.BeanDefinitionValueResolver.resolveValueIfNecessary(BeanDefinitionValueResolver.java:135)
	at org.springframework.beans.factory.support.AbstractAutowireCapableBeanFactory.applyPropertyValues(AbstractAutowireCapableBeanFactory.java:1687)
	at org.springframework.beans.factory.support.AbstractAutowireCapableBeanFactory.populateBean(AbstractAutowireCapableBeanFactory.java:1436)
	at org.springframework.beans.factory.support.AbstractAutowireCapableBeanFactory.doCreateBean(AbstractAutowireCapableBeanFactory.java:599)
	at org.springframework.beans.factory.support.AbstractAutowireCapableBeanFactory.createBean(AbstractAutowireCapableBeanFactory.java:522)
	at org.springframework.beans.factory.support.AbstractBeanFactory.lambda$doGetBean$0(AbstractBeanFactory.java:337)
	at org.springframework.beans.factory.support.DefaultSingletonBeanRegistry.getSingleton(DefaultSingletonBeanRegistry.java:234)
	at org.springframework.beans.factory.support.AbstractBeanFactory.doGetBean(AbstractBeanFactory.java:335)
	at org.springframework.beans.factory.support.AbstractBeanFactory.getBean(AbstractBeanFactory.java:200)
	at org.springframework.beans.factory.config.DependencyDescriptor.resolveCandidate(DependencyDescriptor.java:254)
	at org.springframework.beans.factory.support.DefaultListableBeanFactory.doResolveDependency(DefaultListableBeanFactory.java:1443)
	at org.springframework.beans.factory.support.DefaultListableBeanFactory.resolveDependency(DefaultListableBeanFactory.java:1353)
	at org.springframework.beans.factory.support.ConstructorResolver.resolveAutowiredArgument(ConstructorResolver.java:904)
	at org.springframework.beans.factory.support.ConstructorResolver.createArgumentArray(ConstructorResolver.java:782)
	at org.springframework.beans.factory.support.ConstructorResolver.autowireConstructor(ConstructorResolver.java:237)
	at org.springframework.beans.factory.support.AbstractAutowireCapableBeanFactory.autowireConstructor(AbstractAutowireCapableBeanFactory.java:1357)
	at org.springframework.beans.factory.support.AbstractAutowireCapableBeanFactory.createBeanInstance(AbstractAutowireCapableBeanFactory.java:1194)
	at org.springframework.beans.factory.support.AbstractAutowireCapableBeanFactory.doCreateBean(AbstractAutowireCapableBeanFactory.java:562)
	at org.springframework.beans.factory.support.AbstractAutowireCapableBeanFactory.createBean(AbstractAutowireCapableBeanFactory.java:522)
	at org.springframework.beans.factory.support.AbstractBeanFactory.lambda$doGetBean$0(AbstractBeanFactory.java:337)
	at org.springframework.beans.factory.support.DefaultSingletonBeanRegistry.getSingleton(DefaultSingletonBeanRegistry.java:234)
	at org.springframework.beans.factory.support.AbstractBeanFactory.doGetBean(AbstractBeanFactory.java:335)
	at org.springframework.beans.factory.support.AbstractBeanFactory.getBean(AbstractBeanFactory.java:200)
	at org.springframework.beans.factory.config.DependencyDescriptor.resolveCandidate(DependencyDescriptor.java:254)
	at org.springframework.beans.factory.support.DefaultListableBeanFactory.doResolveDependency(DefaultListableBeanFactory.java:1443)
	at org.springframework.beans.factory.support.DefaultListableBeanFactory.resolveDependency(DefaultListableBeanFactory.java:1353)
	at org.springframework.beans.factory.support.ConstructorResolver.resolveAutowiredArgument(ConstructorResolver.java:904)
	at org.springframework.beans.factory.support.ConstructorResolver.createArgumentArray(ConstructorResolver.java:782)
	at org.springframework.beans.factory.support.ConstructorResolver.autowireConstructor(ConstructorResolver.java:237)
	at org.springframework.beans.factory.support.AbstractAutowireCapableBeanFactory.autowireConstructor(AbstractAutowireCapableBeanFactory.java:1357)
	at org.springframework.beans.factory.support.AbstractAutowireCapableBeanFactory.createBeanInstance(AbstractAutowireCapableBeanFactory.java:1194)
	at org.springframework.beans.factory.support.AbstractAutowireCapableBeanFactory.doCreateBean(AbstractAutowireCapableBeanFactory.java:562)
	at org.springframework.beans.factory.support.AbstractAutowireCapableBeanFactory.createBean(AbstractAutowireCapableBeanFactory.java:522)
	at org.springframework.beans.factory.support.AbstractBeanFactory.lambda$doGetBean$0(AbstractBeanFactory.java:337)
	at org.springframework.beans.factory.support.DefaultSingletonBeanRegistry.getSingleton(DefaultSingletonBeanRegistry.java:234)
	at org.springframework.beans.factory.support.AbstractBeanFactory.doGetBean(AbstractBeanFactory.java:335)
	at org.springframework.beans.factory.support.AbstractBeanFactory.getBean(AbstractBeanFactory.java:205)
	at org.springframework.boot.web.servlet.ServletContextInitializerBeans.getOrderedBeansOfType(ServletContextInitializerBeans.java:211)
	at org.springframework.boot.web.servlet.ServletContextInitializerBeans.addAsRegistrationBean(ServletContextInitializerBeans.java:174)
	at org.springframework.boot.web.servlet.ServletContextInitializerBeans.addAsRegistrationBean(ServletContextInitializerBeans.java:169)
	at org.springframework.boot.web.servlet.ServletContextInitializerBeans.addAdaptableBeans(ServletContextInitializerBeans.java:154)
	at org.springframework.boot.web.servlet.ServletContextInitializerBeans.<init>(ServletContextInitializerBeans.java:87)
	at org.springframework.boot.web.servlet.context.ServletWebServerApplicationContext.getServletContextInitializerBeans(ServletWebServerApplicationContext.java:266)
	at org.springframework.boot.web.servlet.context.ServletWebServerApplicationContext.selfInitialize(ServletWebServerApplicationContext.java:240)
	at org.springframework.boot.web.embedded.tomcat.TomcatStarter.onStartup(TomcatStarter.java:52)
	at org.apache.catalina.core.StandardContext.startInternal(StandardContext.java:4414)
	at org.apache.catalina.util.LifecycleBase.start(LifecycleBase.java:171)
	at org.apache.catalina.core.ContainerBase$StartChild.call(ContainerBase.java:1203)
	at org.apache.catalina.core.ContainerBase$StartChild.call(ContainerBase.java:1193)
	at java.base/java.util.concurrent.FutureTask.run(FutureTask.java:317)
	at org.apache.tomcat.util.threads.InlineExecutorService.execute(InlineExecutorService.java:75)
	at java.base/java.util.concurrent.AbstractExecutorService.submit(AbstractExecutorService.java:145)
	at org.apache.catalina.core.ContainerBase.startInternal(ContainerBase.java:749)
	at org.apache.catalina.core.StandardHost.startInternal(StandardHost.java:772)
	at org.apache.catalina.util.LifecycleBase.start(LifecycleBase.java:171)
	at org.apache.catalina.core.ContainerBase$StartChild.call(ContainerBase.java:1203)
	at org.apache.catalina.core.ContainerBase$StartChild.call(ContainerBase.java:1193)
	at java.base/java.util.concurrent.FutureTask.run(FutureTask.java:317)
	at org.apache.tomcat.util.threads.InlineExecutorService.execute(InlineExecutorService.java:75)
	at java.base/java.util.concurrent.AbstractExecutorService.submit(AbstractExecutorService.java:145)
	at org.apache.catalina.core.ContainerBase.startInternal(ContainerBase.java:749)
	at org.apache.catalina.core.StandardEngine.startInternal(StandardEngine.java:203)
	at org.apache.catalina.util.LifecycleBase.start(LifecycleBase.java:171)
	at org.apache.catalina.core.StandardService.startInternal(StandardService.java:415)
	at org.apache.catalina.util.LifecycleBase.start(LifecycleBase.java:171)
	at org.apache.catalina.core.StandardServer.startInternal(StandardServer.java:874)
	at org.apache.catalina.util.LifecycleBase.start(LifecycleBase.java:171)
	at org.apache.catalina.startup.Tomcat.start(Tomcat.java:437)
	at org.springframework.boot.web.embedded.tomcat.TomcatWebServer.initialize(TomcatWebServer.java:128)
	at org.springframework.boot.web.embedded.tomcat.TomcatWebServer.<init>(TomcatWebServer.java:107)
	at org.springframework.boot.web.embedded.tomcat.TomcatServletWebServerFactory.getTomcatWebServer(TomcatServletWebServerFactory.java:516)
	at org.springframework.boot.web.embedded.tomcat.TomcatServletWebServerFactory.getWebServer(TomcatServletWebServerFactory.java:222)
	at org.springframework.boot.web.servlet.context.ServletWebServerApplicationContext.createWebServer(ServletWebServerApplicationContext.java:188)
	at org.springframework.boot.web.servlet.context.ServletWebServerApplicationContext.onRefresh(ServletWebServerApplicationContext.java:162)
	at org.springframework.context.support.AbstractApplicationContext.refresh(AbstractApplicationContext.java:618)
	at org.springframework.boot.web.servlet.context.ServletWebServerApplicationContext.refresh(ServletWebServerApplicationContext.java:146)
	at org.springframework.boot.SpringApplication.refresh(SpringApplication.java:754)
	at org.springframework.boot.SpringApplication.refreshContext(SpringApplication.java:456)
	at org.springframework.boot.SpringApplication.run(SpringApplication.java:335)
	at org.springframework.boot.SpringApplication.run(SpringApplication.java:1363)
	at org.springframework.boot.SpringApplication.run(SpringApplication.java:1352)
	at com.ch.binarfud.BinarfudApplication.main(BinarfudApplication.java:12)
	at java.base/jdk.internal.reflect.DirectMethodHandleAccessor.invoke(DirectMethodHandleAccessor.java:103)
	at java.base/java.lang.reflect.Method.invoke(Method.java:580)
	at org.springframework.boot.devtools.restart.RestartLauncher.run(RestartLauncher.java:50)
Caused by: org.postgresql.util.PSQLException: ERROR: column "stock" of relation "products" contains null values
	at org.postgresql.core.v3.QueryExecutorImpl.receiveErrorResponse(QueryExecutorImpl.java:2725)
	at org.postgresql.core.v3.QueryExecutorImpl.processResults(QueryExecutorImpl.java:2412)
	at org.postgresql.core.v3.QueryExecutorImpl.execute(QueryExecutorImpl.java:371)
	at org.postgresql.jdbc.PgStatement.executeInternal(PgStatement.java:502)
	at org.postgresql.jdbc.PgStatement.execute(PgStatement.java:419)
	at org.postgresql.jdbc.PgStatement.executeWithFlags(PgStatement.java:341)
	at org.postgresql.jdbc.PgStatement.executeCachedSql(PgStatement.java:326)
	at org.postgresql.jdbc.PgStatement.executeWithFlags(PgStatement.java:302)
	at org.postgresql.jdbc.PgStatement.execute(PgStatement.java:297)
	at com.zaxxer.hikari.pool.ProxyStatement.execute(ProxyStatement.java:94)
	at com.zaxxer.hikari.pool.HikariProxyStatement.execute(HikariProxyStatement.java)
	at org.hibernate.tool.schema.internal.exec.GenerationTargetToDatabase.accept(GenerationTargetToDatabase.java:80)
	... 126 common frames omitted
2024-07-06 00:59:22,440 INFO o.s.o.j.AbstractEntityManagerFactoryBean [restartedMain] Initialized JPA EntityManagerFactory for persistence unit 'default'
2024-07-06 00:59:23,465 INFO o.s.d.j.r.q.QueryEnhancerFactory [restartedMain] Hibernate is in classpath; If applicable, HQL parser will be used.
2024-07-06 00:59:24,052 WARN o.s.b.a.o.j.JpaBaseConfiguration$JpaWebConfiguration [restartedMain] spring.jpa.open-in-view is enabled by default. Therefore, database queries may be performed during view rendering. Explicitly configure spring.jpa.open-in-view to disable this warning
2024-07-06 00:59:24,893 INFO o.s.s.c.a.a.c.InitializeAuthenticationProviderBeanManagerConfigurer$InitializeAuthenticationProviderManagerConfigurer [restartedMain] Global AuthenticationManager configured with AuthenticationProvider bean with name authenticationProvider
2024-07-06 00:59:24,896 WARN o.s.s.c.a.a.c.InitializeUserDetailsBeanManagerConfigurer$InitializeUserDetailsManagerConfigurer [restartedMain] Global AuthenticationManager configured with an AuthenticationProvider bean. UserDetailsService beans will not be used for username/password login. Consider removing the AuthenticationProvider bean. Alternatively, consider using the UserDetailsService in a manually instantiated DaoAuthenticationProvider.
2024-07-06 00:59:30,382 INFO o.s.s.w.DefaultSecurityFilterChain [restartedMain] Will secure any request with [org.springframework.security.web.session.DisableEncodeUrlFilter@36c80d2b, org.springframework.security.web.context.request.async.WebAsyncManagerIntegrationFilter@75aa54d2, org.springframework.security.web.context.SecurityContextHolderFilter@6159740f, org.springframework.security.web.header.HeaderWriterFilter@58a3fbce, org.springframework.web.filter.CorsFilter@31601849, org.springframework.security.web.authentication.logout.LogoutFilter@57127eed, org.springframework.security.oauth2.client.web.OAuth2AuthorizationRequestRedirectFilter@30dca660, org.springframework.security.oauth2.client.web.OAuth2LoginAuthenticationFilter@5bd31e4e, com.ch.binarfud.config.security.JwtAuthenticationFilter@257c6ea8, org.springframework.security.web.authentication.ui.DefaultLoginPageGeneratingFilter@7a140cd1, org.springframework.security.web.authentication.ui.DefaultLogoutPageGeneratingFilter@46a3967b, org.springframework.security.web.savedrequest.RequestCacheAwareFilter@321761d4, org.springframework.security.web.servletapi.SecurityContextHolderAwareRequestFilter@2aba8838, org.springframework.security.web.authentication.AnonymousAuthenticationFilter@30f47ad1, org.springframework.security.web.session.SessionManagementFilter@2eabfb16, org.springframework.security.web.access.ExceptionTranslationFilter@11b77aff, org.springframework.security.web.access.intercept.AuthorizationFilter@45bb6c97]
2024-07-06 00:59:31,222 WARN o.s.b.a.t.ThymeleafAutoConfiguration$DefaultTemplateResolverConfiguration [restartedMain] Cannot find template location: classpath:/templates/ (please add some templates, check your Thymeleaf configuration, or set spring.thymeleaf.check-template-location=false)
2024-07-06 00:59:33,057 INFO o.s.b.d.a.OptionalLiveReloadServer [restartedMain] LiveReload server is running on port 35729
2024-07-06 00:59:33,238 INFO o.a.j.l.DirectJDKLog [restartedMain] Starting ProtocolHandler ["http-nio-8081"]
2024-07-06 00:59:33,295 INFO o.s.b.w.e.t.TomcatWebServer [restartedMain] Tomcat started on port 8081 (http) with context path '/binarfud'
2024-07-06 00:59:33,346 INFO o.s.b.StartupInfoLogger [restartedMain] Started BinarfudApplication in 30.505 seconds (process running for 33.834)
2024-07-06 00:59:49,050 INFO c.c.b.s.FirebaseServiceImpl [scheduling-1] Sent message to token. Device token: djD7Zm4bUU3qE79G93JT0P:APA91bG9aXZ2VICUf1X1NwwJSDLtAAD7Xi77e6Yn06xdi9KBMAnWMi4GAzi7DgJ81-pYhYcoYa3kov34ypCzeHVsqM3pMFUzLL2biRkPkxSx48Sv2KdmtPIKY2_CifCvcCYoRy07avLx, Response: projects/binarfood-425216/messages/93abe9ba-2b9f-44fc-817d-9970d0d78418
2024-07-06 00:59:50,192 INFO c.c.b.s.FirebaseServiceImpl [scheduling-1] Sent message to token. Device token: djD7Zm4bUU3qE79G93JT0P:APA91bG9aXZ2VICUf1X1NwwJSDLtAAD7Xi77e6Yn06xdi9KBMAnWMi4GAzi7DgJ81-pYhYcoYa3kov34ypCzeHVsqM3pMFUzLL2biRkPkxSx48Sv2KdmtPIKY2_CifCvcCYoRy07avLx, Response: projects/binarfood-425216/messages/d60a9421-8fe8-409f-a0ce-31c2b1cf4430
2024-07-06 01:00:03,037 INFO c.c.b.s.FirebaseServiceImpl [scheduling-1] Sent message to token. Device token: djD7Zm4bUU3qE79G93JT0P:APA91bG9aXZ2VICUf1X1NwwJSDLtAAD7Xi77e6Yn06xdi9KBMAnWMi4GAzi7DgJ81-pYhYcoYa3kov34ypCzeHVsqM3pMFUzLL2biRkPkxSx48Sv2KdmtPIKY2_CifCvcCYoRy07avLx, Response: projects/binarfood-425216/messages/aa57efb2-c92d-466b-93b7-511c6a97e05c
2024-07-06 01:00:10,394 INFO c.c.b.s.FirebaseServiceImpl [scheduling-1] Sent message to token. Device token: djD7Zm4bUU3qE79G93JT0P:APA91bG9aXZ2VICUf1X1NwwJSDLtAAD7Xi77e6Yn06xdi9KBMAnWMi4GAzi7DgJ81-pYhYcoYa3kov34ypCzeHVsqM3pMFUzLL2biRkPkxSx48Sv2KdmtPIKY2_CifCvcCYoRy07avLx, Response: projects/binarfood-425216/messages/9df8d84e-53dc-428d-abbb-20310a180f09
2024-07-06 01:00:20,264 INFO c.c.b.s.FirebaseServiceImpl [scheduling-1] Sent message to token. Device token: djD7Zm4bUU3qE79G93JT0P:APA91bG9aXZ2VICUf1X1NwwJSDLtAAD7Xi77e6Yn06xdi9KBMAnWMi4GAzi7DgJ81-pYhYcoYa3kov34ypCzeHVsqM3pMFUzLL2biRkPkxSx48Sv2KdmtPIKY2_CifCvcCYoRy07avLx, Response: projects/binarfood-425216/messages/c7834f3b-657c-49c2-b9cb-40d645feafac
2024-07-06 01:00:30,225 INFO c.c.b.s.FirebaseServiceImpl [scheduling-1] Sent message to token. Device token: djD7Zm4bUU3qE79G93JT0P:APA91bG9aXZ2VICUf1X1NwwJSDLtAAD7Xi77e6Yn06xdi9KBMAnWMi4GAzi7DgJ81-pYhYcoYa3kov34ypCzeHVsqM3pMFUzLL2biRkPkxSx48Sv2KdmtPIKY2_CifCvcCYoRy07avLx, Response: projects/binarfood-425216/messages/37bdf182-63db-4314-8a5a-c8b57f42b2a3
2024-07-06 01:00:41,738 INFO c.c.b.s.FirebaseServiceImpl [scheduling-1] Sent message to token. Device token: djD7Zm4bUU3qE79G93JT0P:APA91bG9aXZ2VICUf1X1NwwJSDLtAAD7Xi77e6Yn06xdi9KBMAnWMi4GAzi7DgJ81-pYhYcoYa3kov34ypCzeHVsqM3pMFUzLL2biRkPkxSx48Sv2KdmtPIKY2_CifCvcCYoRy07avLx, Response: projects/binarfood-425216/messages/d4e3e078-15a6-4bf7-bbd8-606aa68a6fb2
2024-07-06 01:00:50,919 INFO c.c.b.s.FirebaseServiceImpl [scheduling-1] Sent message to token. Device token: djD7Zm4bUU3qE79G93JT0P:APA91bG9aXZ2VICUf1X1NwwJSDLtAAD7Xi77e6Yn06xdi9KBMAnWMi4GAzi7DgJ81-pYhYcoYa3kov34ypCzeHVsqM3pMFUzLL2biRkPkxSx48Sv2KdmtPIKY2_CifCvcCYoRy07avLx, Response: projects/binarfood-425216/messages/142126ab-7204-43e8-83df-16a7d127eb3a
2024-07-06 01:01:00,970 INFO c.c.b.s.FirebaseServiceImpl [scheduling-1] Sent message to token. Device token: djD7Zm4bUU3qE79G93JT0P:APA91bG9aXZ2VICUf1X1NwwJSDLtAAD7Xi77e6Yn06xdi9KBMAnWMi4GAzi7DgJ81-pYhYcoYa3kov34ypCzeHVsqM3pMFUzLL2biRkPkxSx48Sv2KdmtPIKY2_CifCvcCYoRy07avLx, Response: projects/binarfood-425216/messages/80355e22-c4c8-42b9-aee6-6195507df9b6
2024-07-06 01:01:12,579 INFO c.c.b.s.FirebaseServiceImpl [scheduling-1] Sent message to token. Device token: djD7Zm4bUU3qE79G93JT0P:APA91bG9aXZ2VICUf1X1NwwJSDLtAAD7Xi77e6Yn06xdi9KBMAnWMi4GAzi7DgJ81-pYhYcoYa3kov34ypCzeHVsqM3pMFUzLL2biRkPkxSx48Sv2KdmtPIKY2_CifCvcCYoRy07avLx, Response: projects/binarfood-425216/messages/c5d1d389-3657-4d9b-ba8b-4fe889dc9926
2024-07-06 01:01:12,653 INFO o.s.o.j.AbstractEntityManagerFactoryBean [SpringApplicationShutdownHook] Closing JPA EntityManagerFactory for persistence unit 'default'
2024-07-06 01:01:12,663 INFO c.z.h.HikariDataSource [SpringApplicationShutdownHook] HikariPool-1 - Shutdown initiated...
2024-07-06 01:01:12,677 INFO c.z.h.HikariDataSource [SpringApplicationShutdownHook] HikariPool-1 - Shutdown completed.
2024-07-06 01:09:30,534 INFO o.h.v.i.u.Version [background-preinit] HV000001: Hibernate Validator 8.0.1.Final
2024-07-06 01:09:30,653 INFO o.s.b.StartupInfoLogger [restartedMain] Starting BinarfudApplication using Java 22 with PID 9452 (C:\Users\dimas\IdeaProjects\Github\BinarSynergy7\F-BJV24001115-synergy7-dim-binfood-ch8\binarfud\target\classes started by dimas in C:\Users\dimas\IdeaProjects\Github\BinarSynergy7\F-BJV24001115-synergy7-dim-binfood-ch8)
2024-07-06 01:09:30,657 INFO o.s.b.SpringApplication [restartedMain] No active profile set, falling back to 1 default profile: "default"
2024-07-06 01:09:30,801 INFO o.s.b.l.DeferredLog [restartedMain] The Class-Path manifest attribute in C:\Users\dimas\.m2\repository\org\apache\kafka\kafka-clients\3.7.0\kafka-clients-3.7.0.jar referenced one or more files that do not exist: file:/C:/Users/dimas/.m2/repository/org/apache/kafka/kafka-clients/3.7.0/zstd-jni-1.5.5-6.jar,file:/C:/Users/dimas/.m2/repository/org/apache/kafka/kafka-clients/3.7.0/lz4-java-1.8.0.jar,file:/C:/Users/dimas/.m2/repository/org/apache/kafka/kafka-clients/3.7.0/snappy-java-1.1.10.5.jar,file:/C:/Users/dimas/.m2/repository/org/apache/kafka/kafka-clients/3.7.0/slf4j-api-1.7.36.jar
2024-07-06 01:09:30,802 INFO o.s.b.l.DeferredLog [restartedMain] Devtools property defaults active! Set 'spring.devtools.add-properties' to 'false' to disable
2024-07-06 01:09:30,803 INFO o.s.b.l.DeferredLog [restartedMain] For additional web related logging consider setting the 'logging.level.web' property to 'DEBUG'
2024-07-06 01:09:34,715 INFO o.s.d.r.c.RepositoryConfigurationDelegate [restartedMain] Bootstrapping Spring Data JPA repositories in DEFAULT mode.
2024-07-06 01:09:35,101 INFO o.s.d.r.c.RepositoryConfigurationDelegate [restartedMain] Finished Spring Data repository scanning in 365 ms. Found 8 JPA repository interfaces.
2024-07-06 01:09:38,072 INFO o.s.b.w.e.t.TomcatWebServer [restartedMain] Tomcat initialized with port 8081 (http)
2024-07-06 01:09:38,103 INFO o.a.j.l.DirectJDKLog [restartedMain] Initializing ProtocolHandler ["http-nio-8081"]
2024-07-06 01:09:38,112 INFO o.a.j.l.DirectJDKLog [restartedMain] Starting service [Tomcat]
2024-07-06 01:09:38,113 INFO o.a.j.l.DirectJDKLog [restartedMain] Starting Servlet engine: [Apache Tomcat/10.1.24]
2024-07-06 01:09:38,364 INFO o.a.j.l.DirectJDKLog [restartedMain] Initializing Spring embedded WebApplicationContext
2024-07-06 01:09:38,365 INFO o.s.b.w.s.c.ServletWebServerApplicationContext [restartedMain] Root WebApplicationContext: initialization completed in 7560 ms
2024-07-06 01:09:38,830 INFO o.h.j.i.u.LogHelper [restartedMain] HHH000204: Processing PersistenceUnitInfo [name: default]
2024-07-06 01:09:39,061 INFO o.h.Version [restartedMain] HHH000412: Hibernate ORM core version 6.5.2.Final
2024-07-06 01:09:39,215 INFO o.h.c.i.RegionFactoryInitiator [restartedMain] HHH000026: Second-level cache disabled
2024-07-06 01:09:40,238 INFO o.s.o.j.p.SpringPersistenceUnitInfo [restartedMain] No LoadTimeWeaver setup: ignoring JPA class transformer
2024-07-06 01:09:40,334 INFO c.z.h.HikariDataSource [restartedMain] HikariPool-1 - Starting...
2024-07-06 01:09:40,783 INFO c.z.h.p.HikariPool [restartedMain] HikariPool-1 - Added connection org.postgresql.jdbc.PgConnection@256eaba9
2024-07-06 01:09:40,787 INFO c.z.h.HikariDataSource [restartedMain] HikariPool-1 - Start completed.
2024-07-06 01:09:40,889 WARN o.h.e.j.d.i.DialectFactoryImpl [restartedMain] HHH90000025: PostgreSQLDialect does not need to be specified explicitly using 'hibernate.dialect' (remove the property setting and it will be selected by default)
2024-07-06 01:09:44,834 INFO o.h.e.t.j.p.i.JtaPlatformInitiator [restartedMain] HHH000489: No JTA platform available (set 'hibernate.transaction.jta.platform' to enable JTA platform integration)
2024-07-06 01:09:45,328 INFO o.s.o.j.AbstractEntityManagerFactoryBean [restartedMain] Initialized JPA EntityManagerFactory for persistence unit 'default'
2024-07-06 01:09:46,292 INFO o.s.d.j.r.q.QueryEnhancerFactory [restartedMain] Hibernate is in classpath; If applicable, HQL parser will be used.
2024-07-06 01:09:46,909 WARN o.s.b.a.o.j.JpaBaseConfiguration$JpaWebConfiguration [restartedMain] spring.jpa.open-in-view is enabled by default. Therefore, database queries may be performed during view rendering. Explicitly configure spring.jpa.open-in-view to disable this warning
2024-07-06 01:09:47,791 INFO o.s.s.c.a.a.c.InitializeAuthenticationProviderBeanManagerConfigurer$InitializeAuthenticationProviderManagerConfigurer [restartedMain] Global AuthenticationManager configured with AuthenticationProvider bean with name authenticationProvider
2024-07-06 01:09:47,794 WARN o.s.s.c.a.a.c.InitializeUserDetailsBeanManagerConfigurer$InitializeUserDetailsManagerConfigurer [restartedMain] Global AuthenticationManager configured with an AuthenticationProvider bean. UserDetailsService beans will not be used for username/password login. Consider removing the AuthenticationProvider bean. Alternatively, consider using the UserDetailsService in a manually instantiated DaoAuthenticationProvider.
2024-07-06 01:09:49,705 INFO o.s.s.w.DefaultSecurityFilterChain [restartedMain] Will secure any request with [org.springframework.security.web.session.DisableEncodeUrlFilter@767ed60, org.springframework.security.web.context.request.async.WebAsyncManagerIntegrationFilter@7e924dbc, org.springframework.security.web.context.SecurityContextHolderFilter@49cc9dd, org.springframework.security.web.header.HeaderWriterFilter@65ada6f1, org.springframework.web.filter.CorsFilter@82043df, org.springframework.security.web.authentication.logout.LogoutFilter@317ad1d4, org.springframework.security.oauth2.client.web.OAuth2AuthorizationRequestRedirectFilter@704c4bbe, org.springframework.security.oauth2.client.web.OAuth2LoginAuthenticationFilter@1b6c5c0c, com.ch.binarfud.config.security.JwtAuthenticationFilter@552be913, org.springframework.security.web.authentication.ui.DefaultLoginPageGeneratingFilter@281d611f, org.springframework.security.web.authentication.ui.DefaultLogoutPageGeneratingFilter@4590de75, org.springframework.security.web.savedrequest.RequestCacheAwareFilter@35fa29b2, org.springframework.security.web.servletapi.SecurityContextHolderAwareRequestFilter@70d9e0d0, org.springframework.security.web.authentication.AnonymousAuthenticationFilter@7d24374a, org.springframework.security.web.session.SessionManagementFilter@33970e53, org.springframework.security.web.access.ExceptionTranslationFilter@61b2a7c3, org.springframework.security.web.access.intercept.AuthorizationFilter@59b87a4]
2024-07-06 01:09:50,215 WARN o.s.b.a.t.ThymeleafAutoConfiguration$DefaultTemplateResolverConfiguration [restartedMain] Cannot find template location: classpath:/templates/ (please add some templates, check your Thymeleaf configuration, or set spring.thymeleaf.check-template-location=false)
2024-07-06 01:09:51,257 INFO o.s.b.d.a.OptionalLiveReloadServer [restartedMain] LiveReload server is running on port 35729
2024-07-06 01:09:51,328 INFO o.a.j.l.DirectJDKLog [restartedMain] Starting ProtocolHandler ["http-nio-8081"]
2024-07-06 01:09:51,365 INFO o.s.b.w.e.t.TomcatWebServer [restartedMain] Tomcat started on port 8081 (http) with context path '/binarfud'
2024-07-06 01:09:51,404 INFO o.s.b.StartupInfoLogger [restartedMain] Started BinarfudApplication in 22.552 seconds (process running for 26.12)
2024-07-06 01:10:07,985 INFO c.c.b.s.FirebaseServiceImpl [scheduling-1] Sent message to token. Device token: djD7Zm4bUU3qE79G93JT0P:APA91bG9aXZ2VICUf1X1NwwJSDLtAAD7Xi77e6Yn06xdi9KBMAnWMi4GAzi7DgJ81-pYhYcoYa3kov34ypCzeHVsqM3pMFUzLL2biRkPkxSx48Sv2KdmtPIKY2_CifCvcCYoRy07avLx, Response: projects/binarfood-425216/messages/5e1517d5-fabe-4b95-a38a-8a4ef3327757
2024-07-06 01:10:10,183 INFO c.c.b.s.FirebaseServiceImpl [scheduling-1] Sent message to token. Device token: djD7Zm4bUU3qE79G93JT0P:APA91bG9aXZ2VICUf1X1NwwJSDLtAAD7Xi77e6Yn06xdi9KBMAnWMi4GAzi7DgJ81-pYhYcoYa3kov34ypCzeHVsqM3pMFUzLL2biRkPkxSx48Sv2KdmtPIKY2_CifCvcCYoRy07avLx, Response: projects/binarfood-425216/messages/ca9d7bcb-aa30-4266-ba58-5718928da6a7
2024-07-06 01:10:14,482 INFO o.s.o.j.AbstractEntityManagerFactoryBean [SpringApplicationShutdownHook] Closing JPA EntityManagerFactory for persistence unit 'default'
2024-07-06 01:10:14,496 INFO c.z.h.HikariDataSource [SpringApplicationShutdownHook] HikariPool-1 - Shutdown initiated...
2024-07-06 01:10:14,798 INFO c.z.h.HikariDataSource [SpringApplicationShutdownHook] HikariPool-1 - Shutdown completed.
