2024-05-02 23:55:38,743 INFO o.s.b.StartupInfoLogger [main] Starting BinarFoodApplication using Java 22 with PID 20908 (C:\Users\dimas\IdeaProjects\Chapter4\BinarFood\target\classes started by dimas in C:\Users\dimas\IdeaProjects\Chapter4\BinarFood)
2024-05-02 23:55:38,748 INFO o.s.b.SpringApplication [main] No active profile set, falling back to 1 default profile: "default"
2024-05-02 23:55:40,142 INFO o.s.d.r.c.RepositoryConfigurationDelegate [main] Bootstrapping Spring Data JPA repositories in DEFAULT mode.
2024-05-02 23:55:40,249 INFO o.s.d.r.c.RepositoryConfigurationDelegate [main] Finished Spring Data repository scanning in 92 ms. Found 2 JPA repository interfaces.
2024-05-02 23:55:41,081 INFO o.s.b.w.e.t.TomcatWebServer [main] Tomcat initialized with port 8081 (http)
2024-05-02 23:55:41,098 INFO o.a.j.l.DirectJDKLog [main] Initializing ProtocolHandler ["http-nio-8081"]
2024-05-02 23:55:41,102 INFO o.a.j.l.DirectJDKLog [main] Starting service [Tomcat]
2024-05-02 23:55:41,103 INFO o.a.j.l.DirectJDKLog [main] Starting Servlet engine: [Apache Tomcat/10.1.20]
2024-05-02 23:55:41,216 INFO o.a.j.l.DirectJDKLog [main] Initializing Spring embedded WebApplicationContext
2024-05-02 23:55:41,217 INFO o.s.b.w.s.c.ServletWebServerApplicationContext [main] Root WebApplicationContext: initialization completed in 2350 ms
2024-05-02 23:55:41,500 INFO o.h.j.i.u.LogHelper [main] HHH000204: Processing PersistenceUnitInfo [name: default]
2024-05-02 23:55:41,615 INFO o.h.Version [main] HHH000412: Hibernate ORM core version 6.4.4.Final
2024-05-02 23:55:41,685 INFO o.h.c.i.RegionFactoryInitiator [main] HHH000026: Second-level cache disabled
2024-05-02 23:55:42,159 INFO o.s.o.j.p.SpringPersistenceUnitInfo [main] No LoadTimeWeaver setup: ignoring JPA class transformer
2024-05-02 23:55:42,210 INFO c.z.h.HikariDataSource [main] HikariPool-1 - Starting...
2024-05-02 23:55:42,514 INFO c.z.h.p.HikariPool [main] HikariPool-1 - Added connection org.postgresql.jdbc.PgConnection@e795a1d
2024-05-02 23:55:42,517 INFO c.z.h.HikariDataSource [main] HikariPool-1 - Start completed.
2024-05-02 23:55:42,582 WARN o.h.e.j.d.i.DialectFactoryImpl [main] HHH90000025: PostgreSQLDialect does not need to be specified explicitly using 'hibernate.dialect' (remove the property setting and it will be selected by default)
2024-05-02 23:55:44,369 INFO o.h.e.t.j.p.i.JtaPlatformInitiator [main] HHH000489: No JTA platform available (set 'hibernate.transaction.jta.platform' to enable JTA platform integration)
2024-05-02 23:55:44,565 INFO o.s.o.j.AbstractEntityManagerFactoryBean [main] Initialized JPA EntityManagerFactory for persistence unit 'default'
2024-05-02 23:55:45,132 WARN o.s.b.a.o.j.JpaBaseConfiguration$JpaWebConfiguration [main] spring.jpa.open-in-view is enabled by default. Therefore, database queries may be performed during view rendering. Explicitly configure spring.jpa.open-in-view to disable this warning
2024-05-02 23:55:45,697 INFO o.a.j.l.DirectJDKLog [main] Starting ProtocolHandler ["http-nio-8081"]
2024-05-02 23:55:45,724 INFO o.s.b.w.e.t.TomcatWebServer [main] Tomcat started on port 8081 (http) with context path ''
2024-05-02 23:55:45,736 INFO o.s.b.StartupInfoLogger [main] Started BinarFoodApplication in 8.171 seconds (process running for 9.638)
