2024-05-03 00:12:51,191 INFO o.s.o.j.AbstractEntityManagerFactoryBean [SpringApplicationShutdownHook] Closing JPA EntityManagerFactory for persistence unit 'default'
2024-05-03 00:12:51,197 INFO c.z.h.HikariDataSource [SpringApplicationShutdownHook] HikariPool-1 - Shutdown initiated...
2024-05-03 00:12:51,205 INFO c.z.h.HikariDataSource [SpringApplicationShutdownHook] HikariPool-1 - Shutdown completed.
2024-05-03 00:13:00,510 INFO o.s.b.StartupInfoLogger [main] Starting BinarFoodApplication using Java 22 with PID 9756 (C:\Users\dimas\IdeaProjects\Chapter4\BinarFood\target\classes started by dimas in C:\Users\dimas\IdeaProjects\Chapter4\BinarFood)
2024-05-03 00:13:00,515 INFO o.s.b.SpringApplication [main] No active profile set, falling back to 1 default profile: "default"
2024-05-03 00:13:02,064 INFO o.s.d.r.c.RepositoryConfigurationDelegate [main] Bootstrapping Spring Data JPA repositories in DEFAULT mode.
2024-05-03 00:13:02,206 INFO o.s.d.r.c.RepositoryConfigurationDelegate [main] Finished Spring Data repository scanning in 125 ms. Found 2 JPA repository interfaces.
2024-05-03 00:13:03,252 INFO o.s.b.w.e.t.TomcatWebServer [main] Tomcat initialized with port 8081 (http)
2024-05-03 00:13:03,271 INFO o.a.j.l.DirectJDKLog [main] Initializing ProtocolHandler ["http-nio-8081"]
2024-05-03 00:13:03,275 INFO o.a.j.l.DirectJDKLog [main] Starting service [Tomcat]
2024-05-03 00:13:03,276 INFO o.a.j.l.DirectJDKLog [main] Starting Servlet engine: [Apache Tomcat/10.1.20]
2024-05-03 00:13:03,394 INFO o.a.j.l.DirectJDKLog [main] Initializing Spring embedded WebApplicationContext
2024-05-03 00:13:03,394 INFO o.s.b.w.s.c.ServletWebServerApplicationContext [main] Root WebApplicationContext: initialization completed in 2728 ms
2024-05-03 00:13:03,714 INFO o.h.j.i.u.LogHelper [main] HHH000204: Processing PersistenceUnitInfo [name: default]
2024-05-03 00:13:03,823 INFO o.h.Version [main] HHH000412: Hibernate ORM core version 6.4.4.Final
2024-05-03 00:13:03,894 INFO o.h.c.i.RegionFactoryInitiator [main] HHH000026: Second-level cache disabled
2024-05-03 00:13:04,322 INFO o.s.o.j.p.SpringPersistenceUnitInfo [main] No LoadTimeWeaver setup: ignoring JPA class transformer
2024-05-03 00:13:04,364 INFO c.z.h.HikariDataSource [main] HikariPool-1 - Starting...
2024-05-03 00:13:04,628 INFO c.z.h.p.HikariPool [main] HikariPool-1 - Added connection org.postgresql.jdbc.PgConnection@49631cfb
2024-05-03 00:13:04,631 INFO c.z.h.HikariDataSource [main] HikariPool-1 - Start completed.
2024-05-03 00:13:04,690 WARN o.h.e.j.d.i.DialectFactoryImpl [main] HHH90000025: PostgreSQLDialect does not need to be specified explicitly using 'hibernate.dialect' (remove the property setting and it will be selected by default)
2024-05-03 00:13:06,459 INFO o.h.e.t.j.p.i.JtaPlatformInitiator [main] HHH000489: No JTA platform available (set 'hibernate.transaction.jta.platform' to enable JTA platform integration)
2024-05-03 00:13:06,652 INFO o.s.o.j.AbstractEntityManagerFactoryBean [main] Initialized JPA EntityManagerFactory for persistence unit 'default'
2024-05-03 00:13:07,183 WARN o.s.b.a.o.j.JpaBaseConfiguration$JpaWebConfiguration [main] spring.jpa.open-in-view is enabled by default. Therefore, database queries may be performed during view rendering. Explicitly configure spring.jpa.open-in-view to disable this warning
2024-05-03 00:13:07,715 INFO o.a.j.l.DirectJDKLog [main] Starting ProtocolHandler ["http-nio-8081"]
2024-05-03 00:13:07,744 INFO o.s.b.w.e.t.TomcatWebServer [main] Tomcat started on port 8081 (http) with context path ''
2024-05-03 00:13:07,758 INFO o.s.b.StartupInfoLogger [main] Started BinarFoodApplication in 8.457 seconds (process running for 9.878)
2024-05-03 01:52:58,922 INFO o.s.o.j.AbstractEntityManagerFactoryBean [SpringApplicationShutdownHook] Closing JPA EntityManagerFactory for persistence unit 'default'
2024-05-03 01:52:59,074 INFO c.z.h.HikariDataSource [SpringApplicationShutdownHook] HikariPool-1 - Shutdown initiated...
2024-05-03 01:52:59,121 INFO c.z.h.HikariDataSource [SpringApplicationShutdownHook] HikariPool-1 - Shutdown completed.
2024-05-03 01:53:11,474 INFO o.s.b.StartupInfoLogger [main] Starting BinarFoodApplication using Java 22 with PID 10464 (C:\Users\dimas\IdeaProjects\Chapter4\BinarFood\target\classes started by dimas in C:\Users\dimas\IdeaProjects\Chapter4\BinarFood)
2024-05-03 01:53:11,478 INFO o.s.b.SpringApplication [main] No active profile set, falling back to 1 default profile: "default"
2024-05-03 01:53:12,817 INFO o.s.d.r.c.RepositoryConfigurationDelegate [main] Bootstrapping Spring Data JPA repositories in DEFAULT mode.
2024-05-03 01:53:12,921 INFO o.s.d.r.c.RepositoryConfigurationDelegate [main] Finished Spring Data repository scanning in 89 ms. Found 2 JPA repository interfaces.
2024-05-03 01:53:13,844 INFO o.s.b.w.e.t.TomcatWebServer [main] Tomcat initialized with port 8081 (http)
2024-05-03 01:53:13,863 INFO o.a.j.l.DirectJDKLog [main] Initializing ProtocolHandler ["http-nio-8081"]
2024-05-03 01:53:13,866 INFO o.a.j.l.DirectJDKLog [main] Starting service [Tomcat]
2024-05-03 01:53:13,867 INFO o.a.j.l.DirectJDKLog [main] Starting Servlet engine: [Apache Tomcat/10.1.20]
2024-05-03 01:53:13,977 INFO o.a.j.l.DirectJDKLog [main] Initializing Spring embedded WebApplicationContext
2024-05-03 01:53:13,978 INFO o.s.b.w.s.c.ServletWebServerApplicationContext [main] Root WebApplicationContext: initialization completed in 2380 ms
2024-05-03 01:53:14,259 INFO o.h.j.i.u.LogHelper [main] HHH000204: Processing PersistenceUnitInfo [name: default]
2024-05-03 01:53:14,379 INFO o.h.Version [main] HHH000412: Hibernate ORM core version 6.4.4.Final
2024-05-03 01:53:14,451 INFO o.h.c.i.RegionFactoryInitiator [main] HHH000026: Second-level cache disabled
2024-05-03 01:53:14,925 INFO o.s.o.j.p.SpringPersistenceUnitInfo [main] No LoadTimeWeaver setup: ignoring JPA class transformer
2024-05-03 01:53:14,976 INFO c.z.h.HikariDataSource [main] HikariPool-1 - Starting...
2024-05-03 01:53:15,279 INFO c.z.h.p.HikariPool [main] HikariPool-1 - Added connection org.postgresql.jdbc.PgConnection@30ffb2a6
2024-05-03 01:53:15,281 INFO c.z.h.HikariDataSource [main] HikariPool-1 - Start completed.
2024-05-03 01:53:15,347 WARN o.h.e.j.d.i.DialectFactoryImpl [main] HHH90000025: PostgreSQLDialect does not need to be specified explicitly using 'hibernate.dialect' (remove the property setting and it will be selected by default)
2024-05-03 01:53:17,159 INFO o.h.e.t.j.p.i.JtaPlatformInitiator [main] HHH000489: No JTA platform available (set 'hibernate.transaction.jta.platform' to enable JTA platform integration)
2024-05-03 01:53:17,355 INFO o.s.o.j.AbstractEntityManagerFactoryBean [main] Initialized JPA EntityManagerFactory for persistence unit 'default'
2024-05-03 01:53:17,919 WARN o.s.b.a.o.j.JpaBaseConfiguration$JpaWebConfiguration [main] spring.jpa.open-in-view is enabled by default. Therefore, database queries may be performed during view rendering. Explicitly configure spring.jpa.open-in-view to disable this warning
2024-05-03 01:53:18,464 INFO o.a.j.l.DirectJDKLog [main] Starting ProtocolHandler ["http-nio-8081"]
2024-05-03 01:53:18,493 INFO o.s.b.w.e.t.TomcatWebServer [main] Tomcat started on port 8081 (http) with context path ''
2024-05-03 01:53:18,504 INFO o.s.b.StartupInfoLogger [main] Started BinarFoodApplication in 8.22 seconds (process running for 9.674)
2024-05-03 01:53:42,373 INFO o.s.o.j.AbstractEntityManagerFactoryBean [SpringApplicationShutdownHook] Closing JPA EntityManagerFactory for persistence unit 'default'
2024-05-03 01:53:42,377 INFO c.z.h.HikariDataSource [SpringApplicationShutdownHook] HikariPool-1 - Shutdown initiated...
2024-05-03 01:53:42,411 INFO c.z.h.HikariDataSource [SpringApplicationShutdownHook] HikariPool-1 - Shutdown completed.
