2024-06-29 00:54:48,962 INFO o.h.v.i.u.Version [background-preinit] HV000001: Hibernate Validator 8.0.1.Final
2024-06-29 00:54:49,071 INFO o.s.b.StartupInfoLogger [restartedMain] Starting BinarfudApplication using Java 22 with PID 14880 (C:\Users\dimas\IdeaProjects\Github\BinarSynergy7\F-BJV24001115-synergy7-dim-binfood-ch7\binarfud\target\classes started by dimas in C:\Users\dimas\IdeaProjects\Github\BinarSynergy7\F-BJV24001115-synergy7-dim-binfood-ch7\binarfud)
2024-06-29 00:54:49,074 INFO o.s.b.SpringApplication [restartedMain] No active profile set, falling back to 1 default profile: "default"
2024-06-29 00:54:49,259 INFO o.s.b.l.DeferredLog [restartedMain] The Class-Path manifest attribute in C:\Users\dimas\.m2\repository\org\apache\kafka\kafka-clients\3.7.0\kafka-clients-3.7.0.jar referenced one or more files that do not exist: file:/C:/Users/dimas/.m2/repository/org/apache/kafka/kafka-clients/3.7.0/zstd-jni-1.5.5-6.jar,file:/C:/Users/dimas/.m2/repository/org/apache/kafka/kafka-clients/3.7.0/lz4-java-1.8.0.jar,file:/C:/Users/dimas/.m2/repository/org/apache/kafka/kafka-clients/3.7.0/snappy-java-1.1.10.5.jar,file:/C:/Users/dimas/.m2/repository/org/apache/kafka/kafka-clients/3.7.0/slf4j-api-1.7.36.jar
2024-06-29 00:54:49,260 INFO o.s.b.l.DeferredLog [restartedMain] Devtools property defaults active! Set 'spring.devtools.add-properties' to 'false' to disable
2024-06-29 00:54:49,260 INFO o.s.b.l.DeferredLog [restartedMain] For additional web related logging consider setting the 'logging.level.web' property to 'DEBUG'
2024-06-29 00:54:53,814 INFO o.s.d.r.c.RepositoryConfigurationDelegate [restartedMain] Bootstrapping Spring Data JPA repositories in DEFAULT mode.
2024-06-29 00:54:54,074 INFO o.s.d.r.c.RepositoryConfigurationDelegate [restartedMain] Finished Spring Data repository scanning in 244 ms. Found 8 JPA repository interfaces.
2024-06-29 00:54:55,782 INFO o.s.b.w.e.t.TomcatWebServer [restartedMain] Tomcat initialized with port 8081 (http)
2024-06-29 00:54:55,805 INFO o.a.j.l.DirectJDKLog [restartedMain] Initializing ProtocolHandler ["http-nio-8081"]
2024-06-29 00:54:55,809 INFO o.a.j.l.DirectJDKLog [restartedMain] Starting service [Tomcat]
2024-06-29 00:54:55,810 INFO o.a.j.l.DirectJDKLog [restartedMain] Starting Servlet engine: [Apache Tomcat/10.1.24]
2024-06-29 00:54:55,947 INFO o.a.j.l.DirectJDKLog [restartedMain] Initializing Spring embedded WebApplicationContext
2024-06-29 00:54:55,949 INFO o.s.b.w.s.c.ServletWebServerApplicationContext [restartedMain] Root WebApplicationContext: initialization completed in 6685 ms
2024-06-29 00:54:56,325 INFO o.h.j.i.u.LogHelper [restartedMain] HHH000204: Processing PersistenceUnitInfo [name: default]
2024-06-29 00:54:56,484 INFO o.h.Version [restartedMain] HHH000412: Hibernate ORM core version 6.5.2.Final
2024-06-29 00:54:56,581 INFO o.h.c.i.RegionFactoryInitiator [restartedMain] HHH000026: Second-level cache disabled
2024-06-29 00:54:57,396 INFO o.s.o.j.p.SpringPersistenceUnitInfo [restartedMain] No LoadTimeWeaver setup: ignoring JPA class transformer
2024-06-29 00:54:57,464 INFO c.z.h.HikariDataSource [restartedMain] HikariPool-1 - Starting...
2024-06-29 00:54:57,817 INFO c.z.h.p.HikariPool [restartedMain] HikariPool-1 - Added connection org.postgresql.jdbc.PgConnection@1ddec50a
2024-06-29 00:54:57,820 INFO c.z.h.HikariDataSource [restartedMain] HikariPool-1 - Start completed.
2024-06-29 00:54:57,900 WARN o.h.e.j.d.i.DialectFactoryImpl [restartedMain] HHH90000025: PostgreSQLDialect does not need to be specified explicitly using 'hibernate.dialect' (remove the property setting and it will be selected by default)
2024-06-29 00:55:00,911 INFO o.h.e.t.j.p.i.JtaPlatformInitiator [restartedMain] HHH000489: No JTA platform available (set 'hibernate.transaction.jta.platform' to enable JTA platform integration)
2024-06-29 00:55:01,332 INFO o.s.o.j.AbstractEntityManagerFactoryBean [restartedMain] Initialized JPA EntityManagerFactory for persistence unit 'default'
2024-06-29 00:55:02,126 INFO o.s.d.j.r.q.QueryEnhancerFactory [restartedMain] Hibernate is in classpath; If applicable, HQL parser will be used.
2024-06-29 00:55:02,640 WARN o.s.b.a.o.j.JpaBaseConfiguration$JpaWebConfiguration [restartedMain] spring.jpa.open-in-view is enabled by default. Therefore, database queries may be performed during view rendering. Explicitly configure spring.jpa.open-in-view to disable this warning
2024-06-29 00:55:03,311 INFO o.s.s.c.a.a.c.InitializeAuthenticationProviderBeanManagerConfigurer$InitializeAuthenticationProviderManagerConfigurer [restartedMain] Global AuthenticationManager configured with AuthenticationProvider bean with name authenticationProvider
2024-06-29 00:55:03,313 WARN o.s.s.c.a.a.c.InitializeUserDetailsBeanManagerConfigurer$InitializeUserDetailsManagerConfigurer [restartedMain] Global AuthenticationManager configured with an AuthenticationProvider bean. UserDetailsService beans will not be used for username/password login. Consider removing the AuthenticationProvider bean. Alternatively, consider using the UserDetailsService in a manually instantiated DaoAuthenticationProvider.
2024-06-29 00:55:04,725 INFO o.s.s.w.DefaultSecurityFilterChain [restartedMain] Will secure any request with [org.springframework.security.web.session.DisableEncodeUrlFilter@4cec595, org.springframework.security.web.context.request.async.WebAsyncManagerIntegrationFilter@25ff6c7, org.springframework.security.web.context.SecurityContextHolderFilter@54d371bd, org.springframework.security.web.header.HeaderWriterFilter@446ed56f, org.springframework.web.filter.CorsFilter@7421966c, org.springframework.security.web.authentication.logout.LogoutFilter@166e8c9, org.springframework.security.oauth2.client.web.OAuth2AuthorizationRequestRedirectFilter@977df16, org.springframework.security.oauth2.client.web.OAuth2LoginAuthenticationFilter@24f44c7f, com.ch.binarfud.config.security.JwtAuthenticationFilter@3c4e0ccd, org.springframework.security.web.authentication.ui.DefaultLoginPageGeneratingFilter@5773d1e6, org.springframework.security.web.authentication.ui.DefaultLogoutPageGeneratingFilter@57fe26d3, org.springframework.security.web.savedrequest.RequestCacheAwareFilter@7fc7cb8b, org.springframework.security.web.servletapi.SecurityContextHolderAwareRequestFilter@5b01cb55, org.springframework.security.web.authentication.AnonymousAuthenticationFilter@25eea3d4, org.springframework.security.web.session.SessionManagementFilter@75e79a4e, org.springframework.security.web.access.ExceptionTranslationFilter@7132296a, org.springframework.security.web.access.intercept.AuthorizationFilter@57061cee]
2024-06-29 00:55:05,101 WARN o.s.b.a.t.ThymeleafAutoConfiguration$DefaultTemplateResolverConfiguration [restartedMain] Cannot find template location: classpath:/templates/ (please add some templates, check your Thymeleaf configuration, or set spring.thymeleaf.check-template-location=false)
2024-06-29 00:55:05,814 WARN o.s.b.d.a.OptionalLiveReloadServer [restartedMain] Unable to start LiveReload server
2024-06-29 00:55:05,867 INFO o.a.j.l.DirectJDKLog [restartedMain] Starting ProtocolHandler ["http-nio-8081"]
2024-06-29 00:55:05,896 INFO o.s.b.w.e.t.TomcatWebServer [restartedMain] Tomcat started on port 8081 (http) with context path '/binarfud'
2024-06-29 00:55:05,917 INFO o.s.b.StartupInfoLogger [restartedMain] Started BinarfudApplication in 18.729 seconds (process running for 33.321)
2024-06-29 00:55:53,468 INFO o.a.j.l.DirectJDKLog [http-nio-8081-exec-1] Initializing Spring DispatcherServlet 'dispatcherServlet'
2024-06-29 00:55:53,470 INFO o.s.w.s.FrameworkServlet [http-nio-8081-exec-1] Initializing Servlet 'dispatcherServlet'
2024-06-29 00:55:53,475 INFO o.s.w.s.FrameworkServlet [http-nio-8081-exec-1] Completed initialization in 4 ms
2024-06-29 01:03:43,947 INFO o.s.o.j.AbstractEntityManagerFactoryBean [SpringApplicationShutdownHook] Closing JPA EntityManagerFactory for persistence unit 'default'
2024-06-29 01:03:46,601 INFO c.z.h.HikariDataSource [SpringApplicationShutdownHook] HikariPool-1 - Shutdown initiated...
2024-06-29 01:03:46,770 INFO c.z.h.HikariDataSource [SpringApplicationShutdownHook] HikariPool-1 - Shutdown completed.
