2024-05-14 22:41:33,438 INFO o.s.b.StartupInfoLogger [main] Starting BinFoodApplication using Java 22 with PID 8860 (C:\Users\dimas\IdeaProjects\Chapter4\BinFood\target\classes started by dimas in C:\Users\dimas\IdeaProjects\Chapter4\BinFood)
2024-05-14 22:41:33,445 INFO o.s.b.SpringApplication [main] No active profile set, falling back to 1 default profile: "default"
2024-05-14 22:41:35,140 INFO o.s.d.r.c.RepositoryConfigurationDelegate [main] Bootstrapping Spring Data JPA repositories in DEFAULT mode.
2024-05-14 22:41:35,287 INFO o.s.d.r.c.RepositoryConfigurationDelegate [main] Finished Spring Data repository scanning in 132 ms. Found 5 JPA repository interfaces.
2024-05-14 22:41:36,139 INFO o.s.b.w.e.t.TomcatWebServer [main] Tomcat initialized with port 8081 (http)
2024-05-14 22:41:36,157 INFO o.a.j.l.DirectJDKLog [main] Initializing ProtocolHandler ["http-nio-8081"]
2024-05-14 22:41:36,162 INFO o.a.j.l.DirectJDKLog [main] Starting service [Tomcat]
2024-05-14 22:41:36,163 INFO o.a.j.l.DirectJDKLog [main] Starting Servlet engine: [Apache Tomcat/10.1.20]
2024-05-14 22:41:36,261 INFO o.a.j.l.DirectJDKLog [main] Initializing Spring embedded WebApplicationContext
2024-05-14 22:41:36,263 INFO o.s.b.w.s.c.ServletWebServerApplicationContext [main] Root WebApplicationContext: initialization completed in 2660 ms
2024-05-14 22:41:36,585 INFO o.h.j.i.u.LogHelper [main] HHH000204: Processing PersistenceUnitInfo [name: default]
2024-05-14 22:41:36,704 INFO o.h.Version [main] HHH000412: Hibernate ORM core version 6.4.4.Final
2024-05-14 22:41:36,766 INFO o.h.c.i.RegionFactoryInitiator [main] HHH000026: Second-level cache disabled
2024-05-14 22:41:37,271 INFO o.s.o.j.p.SpringPersistenceUnitInfo [main] No LoadTimeWeaver setup: ignoring JPA class transformer
2024-05-14 22:41:37,339 INFO c.z.h.HikariDataSource [main] HikariPool-1 - Starting...
2024-05-14 22:41:37,748 INFO c.z.h.p.HikariPool [main] HikariPool-1 - Added connection org.postgresql.jdbc.PgConnection@6e321d9d
2024-05-14 22:41:37,751 INFO c.z.h.HikariDataSource [main] HikariPool-1 - Start completed.
2024-05-14 22:41:37,886 WARN o.h.e.j.d.i.DialectFactoryImpl [main] HHH90000025: PostgreSQLDialect does not need to be specified explicitly using 'hibernate.dialect' (remove the property setting and it will be selected by default)
2024-05-14 22:41:39,746 INFO o.h.e.t.j.p.i.JtaPlatformInitiator [main] HHH000489: No JTA platform available (set 'hibernate.transaction.jta.platform' to enable JTA platform integration)
2024-05-14 22:41:39,947 WARN o.h.e.j.s.SqlExceptionHelper$StandardWarningHandler [main] SQL Warning Code: 0, SQLState: 00000
2024-05-14 22:41:39,948 WARN o.h.e.j.s.SqlExceptionHelper$StandardWarningHandler [main] constraint "ukj7ddm0agsu7lvu5gm7w8gnf22" of relation "orders" does not exist, skipping
2024-05-14 22:41:39,969 WARN o.h.e.j.s.SqlExceptionHelper$StandardWarningHandler [main] SQL Warning Code: 0, SQLState: 00000
2024-05-14 22:41:39,970 WARN o.h.e.j.s.SqlExceptionHelper$StandardWarningHandler [main] constraint "uk27byna2bmgow8wkwxfbqwnmii" of relation "product" does not exist, skipping
2024-05-14 22:41:40,094 INFO o.s.o.j.AbstractEntityManagerFactoryBean [main] Initialized JPA EntityManagerFactory for persistence unit 'default'
2024-05-14 22:41:40,590 INFO o.s.d.j.r.q.QueryEnhancerFactory [main] Hibernate is in classpath; If applicable, HQL parser will be used.
2024-05-14 22:41:40,820 WARN o.s.b.a.o.j.JpaBaseConfiguration$JpaWebConfiguration [main] spring.jpa.open-in-view is enabled by default. Therefore, database queries may be performed during view rendering. Explicitly configure spring.jpa.open-in-view to disable this warning
2024-05-14 22:41:41,370 INFO o.a.j.l.DirectJDKLog [main] Starting ProtocolHandler ["http-nio-8081"]
2024-05-14 22:41:41,403 INFO o.s.b.w.e.t.TomcatWebServer [main] Tomcat started on port 8081 (http) with context path ''
2024-05-14 22:41:41,414 INFO o.s.b.StartupInfoLogger [main] Started BinFoodApplication in 9.146 seconds (process running for 11.939)
2024-05-14 22:41:46,546 INFO o.s.o.j.AbstractEntityManagerFactoryBean [SpringApplicationShutdownHook] Closing JPA EntityManagerFactory for persistence unit 'default'
2024-05-14 22:41:46,549 INFO c.z.h.HikariDataSource [SpringApplicationShutdownHook] HikariPool-1 - Shutdown initiated...
2024-05-14 22:41:46,562 INFO c.z.h.HikariDataSource [SpringApplicationShutdownHook] HikariPool-1 - Shutdown completed.
2024-05-14 23:32:45,868 INFO o.s.b.StartupInfoLogger [main] Starting BinFoodApplication using Java 22 with PID 16632 (C:\Users\dimas\IdeaProjects\Chapter4\BinFood\target\classes started by dimas in C:\Users\dimas\IdeaProjects\Chapter4\BinFood)
2024-05-14 23:32:45,874 INFO o.s.b.SpringApplication [main] No active profile set, falling back to 1 default profile: "default"
2024-05-14 23:32:48,232 INFO o.s.d.r.c.RepositoryConfigurationDelegate [main] Bootstrapping Spring Data JPA repositories in DEFAULT mode.
2024-05-14 23:32:48,486 INFO o.s.d.r.c.RepositoryConfigurationDelegate [main] Finished Spring Data repository scanning in 228 ms. Found 5 JPA repository interfaces.
2024-05-14 23:32:49,943 INFO o.s.b.w.e.t.TomcatWebServer [main] Tomcat initialized with port 8081 (http)
2024-05-14 23:32:49,965 INFO o.a.j.l.DirectJDKLog [main] Initializing ProtocolHandler ["http-nio-8081"]
2024-05-14 23:32:49,969 INFO o.a.j.l.DirectJDKLog [main] Starting service [Tomcat]
2024-05-14 23:32:49,971 INFO o.a.j.l.DirectJDKLog [main] Starting Servlet engine: [Apache Tomcat/10.1.20]
2024-05-14 23:32:50,074 INFO o.a.j.l.DirectJDKLog [main] Initializing Spring embedded WebApplicationContext
2024-05-14 23:32:50,074 INFO o.s.b.w.s.c.ServletWebServerApplicationContext [main] Root WebApplicationContext: initialization completed in 4037 ms
2024-05-14 23:32:50,394 INFO o.h.j.i.u.LogHelper [main] HHH000204: Processing PersistenceUnitInfo [name: default]
2024-05-14 23:32:50,527 INFO o.h.Version [main] HHH000412: Hibernate ORM core version 6.4.4.Final
2024-05-14 23:32:50,591 INFO o.h.c.i.RegionFactoryInitiator [main] HHH000026: Second-level cache disabled
2024-05-14 23:32:51,084 INFO o.s.o.j.p.SpringPersistenceUnitInfo [main] No LoadTimeWeaver setup: ignoring JPA class transformer
2024-05-14 23:32:51,138 INFO c.z.h.HikariDataSource [main] HikariPool-1 - Starting...
2024-05-14 23:32:51,464 INFO c.z.h.p.HikariPool [main] HikariPool-1 - Added connection org.postgresql.jdbc.PgConnection@5f935d49
2024-05-14 23:32:51,467 INFO c.z.h.HikariDataSource [main] HikariPool-1 - Start completed.
2024-05-14 23:32:51,563 WARN o.h.e.j.d.i.DialectFactoryImpl [main] HHH90000025: PostgreSQLDialect does not need to be specified explicitly using 'hibernate.dialect' (remove the property setting and it will be selected by default)
2024-05-14 23:32:54,275 INFO o.h.e.t.j.p.i.JtaPlatformInitiator [main] HHH000489: No JTA platform available (set 'hibernate.transaction.jta.platform' to enable JTA platform integration)
2024-05-14 23:32:54,406 WARN o.h.e.j.s.SqlExceptionHelper$StandardWarningHandler [main] SQL Warning Code: 0, SQLState: 00000
2024-05-14 23:32:54,406 WARN o.h.e.j.s.SqlExceptionHelper$StandardWarningHandler [main] constraint "ukj7ddm0agsu7lvu5gm7w8gnf22" of relation "orders" does not exist, skipping
2024-05-14 23:32:54,492 WARN o.h.e.j.s.SqlExceptionHelper$StandardWarningHandler [main] SQL Warning Code: 0, SQLState: 00000
2024-05-14 23:32:54,492 WARN o.h.e.j.s.SqlExceptionHelper$StandardWarningHandler [main] constraint "uk27byna2bmgow8wkwxfbqwnmii" of relation "product" does not exist, skipping
2024-05-14 23:32:54,673 INFO o.s.o.j.AbstractEntityManagerFactoryBean [main] Initialized JPA EntityManagerFactory for persistence unit 'default'
2024-05-14 23:32:55,149 INFO o.s.d.j.r.q.QueryEnhancerFactory [main] Hibernate is in classpath; If applicable, HQL parser will be used.
2024-05-14 23:32:55,428 WARN o.s.b.a.o.j.JpaBaseConfiguration$JpaWebConfiguration [main] spring.jpa.open-in-view is enabled by default. Therefore, database queries may be performed during view rendering. Explicitly configure spring.jpa.open-in-view to disable this warning
2024-05-14 23:32:56,182 INFO o.a.j.l.DirectJDKLog [main] Starting ProtocolHandler ["http-nio-8081"]
2024-05-14 23:32:56,208 INFO o.s.b.w.e.t.TomcatWebServer [main] Tomcat started on port 8081 (http) with context path ''
2024-05-14 23:32:56,220 INFO o.s.b.StartupInfoLogger [main] Started BinFoodApplication in 11.62 seconds (process running for 13.628)
